Start testing: Apr 04 15:16 MSK
----------------------------------------------------------
1/16 Testing: Test1
1/16 Test: Test1
Command: "/home/arseny/projects/test_task_postgres/quadratic_equation/build/test/tests" "test1"
Directory: /home/arseny/projects/test_task_postgres/quadratic_equation/build/test
"Test1" start time: Apr 04 15:16 MSK
Output:
----------------------------------------------------------
TEST_0 (All parameters are equal to 0.): [OK].
<end of output>
Test time =   0.00 sec
----------------------------------------------------------
Test Passed.
"Test1" end time: Apr 04 15:16 MSK
"Test1" time elapsed: 00:00:00
----------------------------------------------------------

2/16 Testing: Test2
2/16 Test: Test2
Command: "/home/arseny/projects/test_task_postgres/quadratic_equation/build/test/tests" "test2"
Directory: /home/arseny/projects/test_task_postgres/quadratic_equation/build/test
"Test2" start time: Apr 04 15:16 MSK
Output:
----------------------------------------------------------
TEST_1 (Only `c` is not equal to 0.): [OK].
<end of output>
Test time =   0.00 sec
----------------------------------------------------------
Test Passed.
"Test2" end time: Apr 04 15:16 MSK
"Test2" time elapsed: 00:00:00
----------------------------------------------------------

3/16 Testing: Test3
3/16 Test: Test3
Command: "/home/arseny/projects/test_task_postgres/quadratic_equation/build/test/tests" "test3"
Directory: /home/arseny/projects/test_task_postgres/quadratic_equation/build/test
"Test3" start time: Apr 04 15:16 MSK
Output:
----------------------------------------------------------
TEST_2 (Only `b` is not equal to 0.): [OK].
<end of output>
Test time =   0.00 sec
----------------------------------------------------------
Test Passed.
"Test3" end time: Apr 04 15:16 MSK
"Test3" time elapsed: 00:00:00
----------------------------------------------------------

4/16 Testing: Test4
4/16 Test: Test4
Command: "/home/arseny/projects/test_task_postgres/quadratic_equation/build/test/tests" "test4"
Directory: /home/arseny/projects/test_task_postgres/quadratic_equation/build/test
"Test4" start time: Apr 04 15:16 MSK
Output:
----------------------------------------------------------
TEST_3 (Only `a` is not equal to 0.): [OK].
<end of output>
Test time =   0.00 sec
----------------------------------------------------------
Test Passed.
"Test4" end time: Apr 04 15:16 MSK
"Test4" time elapsed: 00:00:00
----------------------------------------------------------

5/16 Testing: Test5
5/16 Test: Test5
Command: "/home/arseny/projects/test_task_postgres/quadratic_equation/build/test/tests" "test5"
Directory: /home/arseny/projects/test_task_postgres/quadratic_equation/build/test
"Test5" start time: Apr 04 15:16 MSK
Output:
----------------------------------------------------------
TEST_4 (An incomplete quadratic equation with `a` equal to 0.): [OK].
<end of output>
Test time =   0.00 sec
----------------------------------------------------------
Test Passed.
"Test5" end time: Apr 04 15:16 MSK
"Test5" time elapsed: 00:00:00
----------------------------------------------------------

6/16 Testing: Test6
6/16 Test: Test6
Command: "/home/arseny/projects/test_task_postgres/quadratic_equation/build/test/tests" "test6"
Directory: /home/arseny/projects/test_task_postgres/quadratic_equation/build/test
"Test6" start time: Apr 04 15:16 MSK
Output:
----------------------------------------------------------
TEST_5 (An incomplete quadratic equation with `a` equal to 0. Overflow.): [OK].
<end of output>
Test time =   0.00 sec
----------------------------------------------------------
Test Passed.
"Test6" end time: Apr 04 15:16 MSK
"Test6" time elapsed: 00:00:00
----------------------------------------------------------

7/16 Testing: Test7
7/16 Test: Test7
Command: "/home/arseny/projects/test_task_postgres/quadratic_equation/build/test/tests" "test7"
Directory: /home/arseny/projects/test_task_postgres/quadratic_equation/build/test
"Test7" start time: Apr 04 15:16 MSK
Output:
----------------------------------------------------------
TEST_6 (An incomplete quadratic equation with `b` equal to 0, D < 0.): [OK].
<end of output>
Test time =   0.00 sec
----------------------------------------------------------
Test Passed.
"Test7" end time: Apr 04 15:16 MSK
"Test7" time elapsed: 00:00:00
----------------------------------------------------------

8/16 Testing: Test8
8/16 Test: Test8
Command: "/home/arseny/projects/test_task_postgres/quadratic_equation/build/test/tests" "test8"
Directory: /home/arseny/projects/test_task_postgres/quadratic_equation/build/test
"Test8" start time: Apr 04 15:16 MSK
Output:
----------------------------------------------------------
TEST_7 (An incomplete quadratic equation with `b` equal to 0, D > 0.): [OK].
<end of output>
Test time =   0.00 sec
----------------------------------------------------------
Test Passed.
"Test8" end time: Apr 04 15:16 MSK
"Test8" time elapsed: 00:00:00
----------------------------------------------------------

9/16 Testing: Test9
9/16 Test: Test9
Command: "/home/arseny/projects/test_task_postgres/quadratic_equation/build/test/tests" "test9"
Directory: /home/arseny/projects/test_task_postgres/quadratic_equation/build/test
"Test9" start time: Apr 04 15:16 MSK
Output:
----------------------------------------------------------
TEST_8 (An incomplete quadratic equation with `b` equal to 0. D > 0. Overflow.): [OK].
<end of output>
Test time =   0.00 sec
----------------------------------------------------------
Test Passed.
"Test9" end time: Apr 04 15:16 MSK
"Test9" time elapsed: 00:00:00
----------------------------------------------------------

10/16 Testing: Test10
10/16 Test: Test10
Command: "/home/arseny/projects/test_task_postgres/quadratic_equation/build/test/tests" "test10"
Directory: /home/arseny/projects/test_task_postgres/quadratic_equation/build/test
"Test10" start time: Apr 04 15:16 MSK
Output:
----------------------------------------------------------
TEST_9 (An incomplete quadratic equation with `c` equal to 0.): [OK].
<end of output>
Test time =   0.00 sec
----------------------------------------------------------
Test Passed.
"Test10" end time: Apr 04 15:16 MSK
"Test10" time elapsed: 00:00:00
----------------------------------------------------------

11/16 Testing: Test11
11/16 Test: Test11
Command: "/home/arseny/projects/test_task_postgres/quadratic_equation/build/test/tests" "test11"
Directory: /home/arseny/projects/test_task_postgres/quadratic_equation/build/test
"Test11" start time: Apr 04 15:16 MSK
Output:
----------------------------------------------------------
TEST_10 (An incomplete quadratic equation with `c` equal to 0. Overflow): [OK].
<end of output>
Test time =   0.00 sec
----------------------------------------------------------
Test Passed.
"Test11" end time: Apr 04 15:16 MSK
"Test11" time elapsed: 00:00:00
----------------------------------------------------------

12/16 Testing: Test12
12/16 Test: Test12
Command: "/home/arseny/projects/test_task_postgres/quadratic_equation/build/test/tests" "test12"
Directory: /home/arseny/projects/test_task_postgres/quadratic_equation/build/test
"Test12" start time: Apr 04 15:16 MSK
Output:
----------------------------------------------------------
TEST_11 (The complete quadratic equation. D > 0.): [OK].
<end of output>
Test time =   0.00 sec
----------------------------------------------------------
Test Passed.
"Test12" end time: Apr 04 15:16 MSK
"Test12" time elapsed: 00:00:00
----------------------------------------------------------

13/16 Testing: Test13
13/16 Test: Test13
Command: "/home/arseny/projects/test_task_postgres/quadratic_equation/build/test/tests" "test13"
Directory: /home/arseny/projects/test_task_postgres/quadratic_equation/build/test
"Test13" start time: Apr 04 15:16 MSK
Output:
----------------------------------------------------------
TEST_12 (The complete quadratic equation. D = 0.): [OK].
<end of output>
Test time =   0.00 sec
----------------------------------------------------------
Test Passed.
"Test13" end time: Apr 04 15:16 MSK
"Test13" time elapsed: 00:00:00
----------------------------------------------------------

14/16 Testing: Test14
14/16 Test: Test14
Command: "/home/arseny/projects/test_task_postgres/quadratic_equation/build/test/tests" "test14"
Directory: /home/arseny/projects/test_task_postgres/quadratic_equation/build/test
"Test14" start time: Apr 04 15:16 MSK
Output:
----------------------------------------------------------
TEST_13 (The complete quadratic equation. D < 0.): [OK].
<end of output>
Test time =   0.00 sec
----------------------------------------------------------
Test Passed.
"Test14" end time: Apr 04 15:16 MSK
"Test14" time elapsed: 00:00:00
----------------------------------------------------------

15/16 Testing: Test15
15/16 Test: Test15
Command: "/home/arseny/projects/test_task_postgres/quadratic_equation/build/test/tests" "test15"
Directory: /home/arseny/projects/test_task_postgres/quadratic_equation/build/test
"Test15" start time: Apr 04 15:16 MSK
Output:
----------------------------------------------------------
TEST_14 (The complete quadratic equation. Overflow.): [OK].
<end of output>
Test time =   0.00 sec
----------------------------------------------------------
Test Passed.
"Test15" end time: Apr 04 15:16 MSK
"Test15" time elapsed: 00:00:00
----------------------------------------------------------

16/16 Testing: Test16
16/16 Test: Test16
Command: "/home/arseny/projects/test_task_postgres/quadratic_equation/build/test/tests_rand"
Directory: /home/arseny/projects/test_task_postgres/quadratic_equation/build/test
"Test16" start time: Apr 04 15:16 MSK
Output:
----------------------------------------------------------
RANDOM TEST_1: [OK].
RANDOM TEST_2: [OK].
RANDOM TEST_3: [OK].
RANDOM TEST_4: [OK].
RANDOM TEST_5: [OK].
RANDOM TEST_6: [OK].
RANDOM TEST_7: [OK].
RANDOM TEST_8: [OK].
RANDOM TEST_9: [OK].
RANDOM TEST_10: [OK].
RANDOM TEST_11: [OK].
RANDOM TEST_12: [OK].
RANDOM TEST_13: [OK].
RANDOM TEST_14: [OK].
RANDOM TEST_15: [OK].
RANDOM TEST_16: [OK].
RANDOM TEST_17: [OK].
RANDOM TEST_18: [OK].
RANDOM TEST_19: [OK].
RANDOM TEST_20: [OK].
RANDOM TEST_21: [OK].
RANDOM TEST_22: [OK].
RANDOM TEST_23: [OK].
RANDOM TEST_24: [OK].
RANDOM TEST_25: [OK].
RANDOM TEST_26: [OK].
RANDOM TEST_27: [OK].
RANDOM TEST_28: [OK].
RANDOM TEST_29: [OK].
RANDOM TEST_30: [OK].
RANDOM TEST_31: [OK].
RANDOM TEST_32: [OK].
RANDOM TEST_33: [OK].
RANDOM TEST_34: [OK].
RANDOM TEST_35: [OK].
RANDOM TEST_36: [OK].
RANDOM TEST_37: [OK].
RANDOM TEST_38: [OK].
RANDOM TEST_39: [OK].
RANDOM TEST_40: [OK].
RANDOM TEST_41: [OK].
RANDOM TEST_42: [OK].
RANDOM TEST_43: [OK].
RANDOM TEST_44: [OK].
RANDOM TEST_45: [OK].
RANDOM TEST_46: [OK].
RANDOM TEST_47: [OK].
RANDOM TEST_48: [OK].
RANDOM TEST_49: [OK].
RANDOM TEST_50: [OK].
RANDOM TEST_51: [OK].
RANDOM TEST_52: [OK].
RANDOM TEST_53: [OK].
RANDOM TEST_54: [OK].
RANDOM TEST_55: [OK].
RANDOM TEST_56: [OK].
RANDOM TEST_57: [OK].
RANDOM TEST_58: [OK].
RANDOM TEST_59: [OK].
RANDOM TEST_60: [OK].
RANDOM TEST_61: [OK].
RANDOM TEST_62: [OK].
RANDOM TEST_63: [OK].
RANDOM TEST_64: [OK].
RANDOM TEST_65: [OK].
RANDOM TEST_66: [OK].
RANDOM TEST_67: [OK].
RANDOM TEST_68: [OK].
RANDOM TEST_69: [OK].
RANDOM TEST_70: [OK].
RANDOM TEST_71: [OK].
RANDOM TEST_72: [OK].
RANDOM TEST_73: [OK].
RANDOM TEST_74: [OK].
RANDOM TEST_75: [OK].
RANDOM TEST_76: [OK].
RANDOM TEST_77: [OK].
RANDOM TEST_78: [OK].
RANDOM TEST_79: [OK].
RANDOM TEST_80: [OK].
RANDOM TEST_81: [OK].
RANDOM TEST_82: [OK].
RANDOM TEST_83: [OK].
RANDOM TEST_84: [OK].
RANDOM TEST_85: [OK].
RANDOM TEST_86: [OK].
RANDOM TEST_87: [OK].
RANDOM TEST_88: [OK].
RANDOM TEST_89: [OK].
RANDOM TEST_90: [OK].
RANDOM TEST_91: [OK].
RANDOM TEST_92: [OK].
RANDOM TEST_93: [OK].
RANDOM TEST_94: [OK].
RANDOM TEST_95: [OK].
RANDOM TEST_96: [OK].
RANDOM TEST_97: [OK].
RANDOM TEST_98: [OK].
RANDOM TEST_99: [OK].
RANDOM TEST_100: [OK].
RANDOM TEST_101: [OK].
RANDOM TEST_102: [OK].
RANDOM TEST_103: [OK].
RANDOM TEST_104: [OK].
RANDOM TEST_105: [OK].
RANDOM TEST_106: [OK].
RANDOM TEST_107: [OK].
RANDOM TEST_108: [OK].
RANDOM TEST_109: [OK].
RANDOM TEST_110: [OK].
RANDOM TEST_111: [OK].
RANDOM TEST_112: [OK].
RANDOM TEST_113: [OK].
RANDOM TEST_114: [OK].
RANDOM TEST_115: [OK].
RANDOM TEST_116: [OK].
RANDOM TEST_117: [OK].
RANDOM TEST_118: [OK].
RANDOM TEST_119: [OK].
RANDOM TEST_120: [OK].
RANDOM TEST_121: [OK].
RANDOM TEST_122: [OK].
RANDOM TEST_123: [OK].
RANDOM TEST_124: [OK].
RANDOM TEST_125: [OK].
RANDOM TEST_126: [OK].
RANDOM TEST_127: [OK].
RANDOM TEST_128: [OK].
RANDOM TEST_129: [OK].
RANDOM TEST_130: [OK].
RANDOM TEST_131: [OK].
RANDOM TEST_132: [OK].
RANDOM TEST_133: [OK].
RANDOM TEST_134: [OK].
RANDOM TEST_135: [OK].
RANDOM TEST_136: [OK].
RANDOM TEST_137: [OK].
RANDOM TEST_138: [OK].
RANDOM TEST_139: [OK].
RANDOM TEST_140: [OK].
RANDOM TEST_141: [OK].
RANDOM TEST_142: [OK].
RANDOM TEST_143: [OK].
RANDOM TEST_144: [OK].
RANDOM TEST_145: [OK].
RANDOM TEST_146: [OK].
RANDOM TEST_147: [OK].
RANDOM TEST_148: [OK].
RANDOM TEST_149: [OK].
RANDOM TEST_150: [OK].
RANDOM TEST_151: [OK].
RANDOM TEST_152: [OK].
RANDOM TEST_153: [OK].
RANDOM TEST_154: [OK].
RANDOM TEST_155: [OK].
RANDOM TEST_156: [OK].
RANDOM TEST_157: [OK].
RANDOM TEST_158: [OK].
RANDOM TEST_159: [OK].
RANDOM TEST_160: [OK].
RANDOM TEST_161: [OK].
RANDOM TEST_162: [OK].
RANDOM TEST_163: [OK].
RANDOM TEST_164: [OK].
RANDOM TEST_165: [OK].
RANDOM TEST_166: [OK].
RANDOM TEST_167: [OK].
RANDOM TEST_168: [OK].
RANDOM TEST_169: [OK].
RANDOM TEST_170: [OK].
RANDOM TEST_171: [OK].
RANDOM TEST_172: [OK].
RANDOM TEST_173: [OK].
RANDOM TEST_174: [OK].
RANDOM TEST_175: [OK].
RANDOM TEST_176: [OK].
RANDOM TEST_177: [OK].
RANDOM TEST_178: [OK].
RANDOM TEST_179: [OK].
RANDOM TEST_180: [OK].
RANDOM TEST_181: [OK].
RANDOM TEST_182: [OK].
RANDOM TEST_183: [OK].
RANDOM TEST_184: [OK].
RANDOM TEST_185: [OK].
RANDOM TEST_186: [OK].
RANDOM TEST_187: [OK].
RANDOM TEST_188: [OK].
RANDOM TEST_189: [OK].
RANDOM TEST_190: [OK].
RANDOM TEST_191: [OK].
RANDOM TEST_192: [OK].
RANDOM TEST_193: [OK].
RANDOM TEST_194: [OK].
RANDOM TEST_195: [OK].
RANDOM TEST_196: [OK].
RANDOM TEST_197: [OK].
RANDOM TEST_198: [OK].
RANDOM TEST_199: [OK].
RANDOM TEST_200: [OK].
RANDOM TEST_201: [OK].
RANDOM TEST_202: [OK].
RANDOM TEST_203: [OK].
RANDOM TEST_204: [OK].
RANDOM TEST_205: [OK].
RANDOM TEST_206: [OK].
RANDOM TEST_207: [OK].
RANDOM TEST_208: [OK].
RANDOM TEST_209: [OK].
RANDOM TEST_210: [OK].
RANDOM TEST_211: [OK].
RANDOM TEST_212: [OK].
RANDOM TEST_213: [OK].
RANDOM TEST_214: [OK].
RANDOM TEST_215: [OK].
RANDOM TEST_216: [OK].
RANDOM TEST_217: [OK].
RANDOM TEST_218: [OK].
RANDOM TEST_219: [OK].
RANDOM TEST_220: [OK].
RANDOM TEST_221: [OK].
RANDOM TEST_222: [OK].
RANDOM TEST_223: [OK].
RANDOM TEST_224: [OK].
RANDOM TEST_225: [OK].
RANDOM TEST_226: [OK].
RANDOM TEST_227: [OK].
RANDOM TEST_228: [OK].
RANDOM TEST_229: [OK].
RANDOM TEST_230: [OK].
RANDOM TEST_231: [OK].
RANDOM TEST_232: [OK].
RANDOM TEST_233: [OK].
RANDOM TEST_234: [OK].
RANDOM TEST_235: [OK].
RANDOM TEST_236: [OK].
RANDOM TEST_237: [OK].
RANDOM TEST_238: [OK].
RANDOM TEST_239: [OK].
RANDOM TEST_240: [OK].
RANDOM TEST_241: [OK].
RANDOM TEST_242: [OK].
RANDOM TEST_243: [OK].
RANDOM TEST_244: [OK].
RANDOM TEST_245: [OK].
RANDOM TEST_246: [OK].
RANDOM TEST_247: [OK].
RANDOM TEST_248: [OK].
RANDOM TEST_249: [OK].
RANDOM TEST_250: [OK].
RANDOM TEST_251: [OK].
RANDOM TEST_252: [OK].
RANDOM TEST_253: [OK].
RANDOM TEST_254: [OK].
RANDOM TEST_255: [OK].
RANDOM TEST_256: [OK].
RANDOM TEST_257: [OK].
RANDOM TEST_258: [OK].
RANDOM TEST_259: [OK].
RANDOM TEST_260: [OK].
RANDOM TEST_261: [OK].
RANDOM TEST_262: [OK].
RANDOM TEST_263: [OK].
RANDOM TEST_264: [OK].
RANDOM TEST_265: [OK].
RANDOM TEST_266: [OK].
RANDOM TEST_267: [OK].
RANDOM TEST_268: [OK].
RANDOM TEST_269: [OK].
RANDOM TEST_270: [OK].
RANDOM TEST_271: [OK].
RANDOM TEST_272: [OK].
RANDOM TEST_273: [OK].
RANDOM TEST_274: [OK].
RANDOM TEST_275: [OK].
RANDOM TEST_276: [OK].
RANDOM TEST_277: [OK].
RANDOM TEST_278: [OK].
RANDOM TEST_279: [OK].
RANDOM TEST_280: [OK].
RANDOM TEST_281: [OK].
RANDOM TEST_282: [OK].
RANDOM TEST_283: [OK].
RANDOM TEST_284: [OK].
RANDOM TEST_285: [OK].
RANDOM TEST_286: [OK].
RANDOM TEST_287: [OK].
RANDOM TEST_288: [OK].
RANDOM TEST_289: [OK].
RANDOM TEST_290: [OK].
RANDOM TEST_291: [OK].
RANDOM TEST_292: [OK].
RANDOM TEST_293: [OK].
RANDOM TEST_294: [OK].
RANDOM TEST_295: [OK].
RANDOM TEST_296: [OK].
RANDOM TEST_297: [OK].
RANDOM TEST_298: [OK].
RANDOM TEST_299: [OK].
RANDOM TEST_300: [OK].
RANDOM TEST_301: [OK].
RANDOM TEST_302: [OK].
RANDOM TEST_303: [OK].
RANDOM TEST_304: [OK].
RANDOM TEST_305: [OK].
RANDOM TEST_306: [OK].
RANDOM TEST_307: [OK].
RANDOM TEST_308: [OK].
RANDOM TEST_309: [OK].
RANDOM TEST_310: [OK].
RANDOM TEST_311: [OK].
RANDOM TEST_312: [OK].
RANDOM TEST_313: [OK].
RANDOM TEST_314: [OK].
RANDOM TEST_315: [OK].
RANDOM TEST_316: [OK].
RANDOM TEST_317: [OK].
RANDOM TEST_318: [OK].
RANDOM TEST_319: [OK].
RANDOM TEST_320: [OK].
RANDOM TEST_321: [OK].
RANDOM TEST_322: [OK].
RANDOM TEST_323: [OK].
RANDOM TEST_324: [OK].
RANDOM TEST_325: [OK].
RANDOM TEST_326: [OK].
RANDOM TEST_327: [OK].
RANDOM TEST_328: [OK].
RANDOM TEST_329: [OK].
RANDOM TEST_330: [OK].
RANDOM TEST_331: [OK].
RANDOM TEST_332: [OK].
RANDOM TEST_333: [OK].
RANDOM TEST_334: [OK].
RANDOM TEST_335: [OK].
RANDOM TEST_336: [OK].
RANDOM TEST_337: [OK].
RANDOM TEST_338: [OK].
RANDOM TEST_339: [OK].
RANDOM TEST_340: [OK].
RANDOM TEST_341: [OK].
RANDOM TEST_342: [OK].
RANDOM TEST_343: [OK].
RANDOM TEST_344: [OK].
RANDOM TEST_345: [OK].
RANDOM TEST_346: [OK].
RANDOM TEST_347: [OK].
RANDOM TEST_348: [OK].
RANDOM TEST_349: [OK].
RANDOM TEST_350: [OK].
RANDOM TEST_351: [OK].
RANDOM TEST_352: [OK].
RANDOM TEST_353: [OK].
RANDOM TEST_354: [OK].
RANDOM TEST_355: [OK].
RANDOM TEST_356: [OK].
RANDOM TEST_357: [OK].
RANDOM TEST_358: [OK].
RANDOM TEST_359: [OK].
RANDOM TEST_360: [OK].
RANDOM TEST_361: [OK].
RANDOM TEST_362: [OK].
RANDOM TEST_363: [OK].
RANDOM TEST_364: [OK].
RANDOM TEST_365: [OK].
RANDOM TEST_366: [OK].
RANDOM TEST_367: [OK].
RANDOM TEST_368: [OK].
RANDOM TEST_369: [OK].
RANDOM TEST_370: [OK].
RANDOM TEST_371: [OK].
RANDOM TEST_372: [OK].
RANDOM TEST_373: [OK].
RANDOM TEST_374: [OK].
RANDOM TEST_375: [OK].
RANDOM TEST_376: [OK].
RANDOM TEST_377: [OK].
RANDOM TEST_378: [OK].
RANDOM TEST_379: [OK].
RANDOM TEST_380: [OK].
RANDOM TEST_381: [OK].
RANDOM TEST_382: [OK].
RANDOM TEST_383: [OK].
RANDOM TEST_384: [OK].
RANDOM TEST_385: [OK].
RANDOM TEST_386: [OK].
RANDOM TEST_387: [OK].
RANDOM TEST_388: [OK].
RANDOM TEST_389: [OK].
RANDOM TEST_390: [OK].
RANDOM TEST_391: [OK].
RANDOM TEST_392: [OK].
RANDOM TEST_393: [OK].
RANDOM TEST_394: [OK].
RANDOM TEST_395: [OK].
RANDOM TEST_396: [OK].
RANDOM TEST_397: [OK].
RANDOM TEST_398: [OK].
RANDOM TEST_399: [OK].
RANDOM TEST_400: [OK].
RANDOM TEST_401: [OK].
RANDOM TEST_402: [OK].
RANDOM TEST_403: [OK].
RANDOM TEST_404: [OK].
RANDOM TEST_405: [OK].
RANDOM TEST_406: [OK].
RANDOM TEST_407: [OK].
RANDOM TEST_408: [OK].
RANDOM TEST_409: [OK].
RANDOM TEST_410: [OK].
RANDOM TEST_411: [OK].
RANDOM TEST_412: [OK].
RANDOM TEST_413: [OK].
RANDOM TEST_414: [OK].
RANDOM TEST_415: [OK].
RANDOM TEST_416: [OK].
RANDOM TEST_417: [OK].
RANDOM TEST_418: [OK].
RANDOM TEST_419: [OK].
RANDOM TEST_420: [OK].
RANDOM TEST_421: [OK].
RANDOM TEST_422: [OK].
RANDOM TEST_423: [OK].
RANDOM TEST_424: [OK].
RANDOM TEST_425: [OK].
RANDOM TEST_426: [OK].
RANDOM TEST_427: [OK].
RANDOM TEST_428: [OK].
RANDOM TEST_429: [OK].
RANDOM TEST_430: [OK].
RANDOM TEST_431: [OK].
RANDOM TEST_432: [OK].
RANDOM TEST_433: [OK].
RANDOM TEST_434: [OK].
RANDOM TEST_435: [OK].
RANDOM TEST_436: [OK].
RANDOM TEST_437: [OK].
RANDOM TEST_438: [OK].
RANDOM TEST_439: [OK].
RANDOM TEST_440: [OK].
RANDOM TEST_441: [OK].
RANDOM TEST_442: [OK].
RANDOM TEST_443: [OK].
RANDOM TEST_444: [OK].
RANDOM TEST_445: [OK].
RANDOM TEST_446: [OK].
RANDOM TEST_447: [OK].
RANDOM TEST_448: [OK].
RANDOM TEST_449: [OK].
RANDOM TEST_450: [OK].
RANDOM TEST_451: [OK].
RANDOM TEST_452: [OK].
RANDOM TEST_453: [OK].
RANDOM TEST_454: [OK].
RANDOM TEST_455: [OK].
RANDOM TEST_456: [OK].
RANDOM TEST_457: [OK].
RANDOM TEST_458: [OK].
RANDOM TEST_459: [OK].
RANDOM TEST_460: [OK].
RANDOM TEST_461: [OK].
RANDOM TEST_462: [OK].
RANDOM TEST_463: [OK].
RANDOM TEST_464: [OK].
RANDOM TEST_465: [OK].
RANDOM TEST_466: [OK].
RANDOM TEST_467: [OK].
RANDOM TEST_468: [OK].
RANDOM TEST_469: [OK].
RANDOM TEST_470: [OK].
RANDOM TEST_471: [OK].
RANDOM TEST_472: [OK].
RANDOM TEST_473: [OK].
RANDOM TEST_474: [OK].
RANDOM TEST_475: [OK].
RANDOM TEST_476: [OK].
RANDOM TEST_477: [OK].
RANDOM TEST_478: [OK].
RANDOM TEST_479: [OK].
RANDOM TEST_480: [OK].
RANDOM TEST_481: [OK].
RANDOM TEST_482: [OK].
RANDOM TEST_483: [OK].
RANDOM TEST_484: [OK].
RANDOM TEST_485: [OK].
RANDOM TEST_486: [OK].
RANDOM TEST_487: [OK].
RANDOM TEST_488: [OK].
RANDOM TEST_489: [OK].
RANDOM TEST_490: [OK].
RANDOM TEST_491: [OK].
RANDOM TEST_492: [OK].
RANDOM TEST_493: [OK].
RANDOM TEST_494: [OK].
RANDOM TEST_495: [OK].
RANDOM TEST_496: [OK].
RANDOM TEST_497: [OK].
RANDOM TEST_498: [OK].
RANDOM TEST_499: [OK].
RANDOM TEST_500: [OK].
RANDOM TEST_501: [OK].
RANDOM TEST_502: [OK].
RANDOM TEST_503: [OK].
RANDOM TEST_504: [OK].
RANDOM TEST_505: [OK].
RANDOM TEST_506: [OK].
RANDOM TEST_507: [OK].
RANDOM TEST_508: [OK].
RANDOM TEST_509: [OK].
RANDOM TEST_510: [OK].
RANDOM TEST_511: [OK].
RANDOM TEST_512: [OK].
RANDOM TEST_513: [OK].
RANDOM TEST_514: [OK].
RANDOM TEST_515: [OK].
RANDOM TEST_516: [OK].
RANDOM TEST_517: [OK].
RANDOM TEST_518: [OK].
RANDOM TEST_519: [OK].
RANDOM TEST_520: [OK].
RANDOM TEST_521: [OK].
RANDOM TEST_522: [OK].
RANDOM TEST_523: [OK].
RANDOM TEST_524: [OK].
RANDOM TEST_525: [OK].
RANDOM TEST_526: [OK].
RANDOM TEST_527: [OK].
RANDOM TEST_528: [OK].
RANDOM TEST_529: [OK].
RANDOM TEST_530: [OK].
RANDOM TEST_531: [OK].
RANDOM TEST_532: [OK].
RANDOM TEST_533: [OK].
RANDOM TEST_534: [OK].
RANDOM TEST_535: [OK].
RANDOM TEST_536: [OK].
RANDOM TEST_537: [OK].
RANDOM TEST_538: [OK].
RANDOM TEST_539: [OK].
RANDOM TEST_540: [OK].
RANDOM TEST_541: [OK].
RANDOM TEST_542: [OK].
RANDOM TEST_543: [OK].
RANDOM TEST_544: [OK].
RANDOM TEST_545: [OK].
RANDOM TEST_546: [OK].
RANDOM TEST_547: [OK].
RANDOM TEST_548: [OK].
RANDOM TEST_549: [OK].
RANDOM TEST_550: [OK].
RANDOM TEST_551: [OK].
RANDOM TEST_552: [OK].
RANDOM TEST_553: [OK].
RANDOM TEST_554: [OK].
RANDOM TEST_555: [OK].
RANDOM TEST_556: [OK].
RANDOM TEST_557: [OK].
RANDOM TEST_558: [OK].
RANDOM TEST_559: [OK].
RANDOM TEST_560: [OK].
RANDOM TEST_561: [OK].
RANDOM TEST_562: [OK].
RANDOM TEST_563: [OK].
RANDOM TEST_564: [OK].
RANDOM TEST_565: [OK].
RANDOM TEST_566: [OK].
RANDOM TEST_567: [OK].
RANDOM TEST_568: [OK].
RANDOM TEST_569: [OK].
RANDOM TEST_570: [OK].
RANDOM TEST_571: [OK].
RANDOM TEST_572: [OK].
RANDOM TEST_573: [OK].
RANDOM TEST_574: [OK].
RANDOM TEST_575: [OK].
RANDOM TEST_576: [OK].
RANDOM TEST_577: [OK].
RANDOM TEST_578: [OK].
RANDOM TEST_579: [OK].
RANDOM TEST_580: [OK].
RANDOM TEST_581: [OK].
RANDOM TEST_582: [OK].
RANDOM TEST_583: [OK].
RANDOM TEST_584: [OK].
RANDOM TEST_585: [OK].
RANDOM TEST_586: [OK].
RANDOM TEST_587: [OK].
RANDOM TEST_588: [OK].
RANDOM TEST_589: [OK].
RANDOM TEST_590: [OK].
RANDOM TEST_591: [OK].
RANDOM TEST_592: [OK].
RANDOM TEST_593: [OK].
RANDOM TEST_594: [OK].
RANDOM TEST_595: [OK].
RANDOM TEST_596: [OK].
RANDOM TEST_597: [OK].
RANDOM TEST_598: [OK].
RANDOM TEST_599: [OK].
RANDOM TEST_600: [OK].
RANDOM TEST_601: [OK].
RANDOM TEST_602: [OK].
RANDOM TEST_603: [OK].
RANDOM TEST_604: [OK].
RANDOM TEST_605: [OK].
RANDOM TEST_606: [OK].
RANDOM TEST_607: [OK].
RANDOM TEST_608: [OK].
RANDOM TEST_609: [OK].
RANDOM TEST_610: [OK].
RANDOM TEST_611: [OK].
RANDOM TEST_612: [OK].
RANDOM TEST_613: [OK].
RANDOM TEST_614: [OK].
RANDOM TEST_615: [OK].
RANDOM TEST_616: [OK].
RANDOM TEST_617: [OK].
RANDOM TEST_618: [OK].
RANDOM TEST_619: [OK].
RANDOM TEST_620: [OK].
RANDOM TEST_621: [OK].
RANDOM TEST_622: [OK].
RANDOM TEST_623: [OK].
RANDOM TEST_624: [OK].
RANDOM TEST_625: [OK].
RANDOM TEST_626: [OK].
RANDOM TEST_627: [OK].
RANDOM TEST_628: [OK].
RANDOM TEST_629: [OK].
RANDOM TEST_630: [OK].
RANDOM TEST_631: [OK].
RANDOM TEST_632: [OK].
RANDOM TEST_633: [OK].
RANDOM TEST_634: [OK].
RANDOM TEST_635: [OK].
RANDOM TEST_636: [OK].
RANDOM TEST_637: [OK].
RANDOM TEST_638: [OK].
RANDOM TEST_639: [OK].
RANDOM TEST_640: [OK].
RANDOM TEST_641: [OK].
RANDOM TEST_642: [OK].
RANDOM TEST_643: [OK].
RANDOM TEST_644: [OK].
RANDOM TEST_645: [OK].
RANDOM TEST_646: [OK].
RANDOM TEST_647: [OK].
RANDOM TEST_648: [OK].
RANDOM TEST_649: [OK].
RANDOM TEST_650: [OK].
RANDOM TEST_651: [OK].
RANDOM TEST_652: [OK].
RANDOM TEST_653: [OK].
RANDOM TEST_654: [OK].
RANDOM TEST_655: [OK].
RANDOM TEST_656: [OK].
RANDOM TEST_657: [OK].
RANDOM TEST_658: [OK].
RANDOM TEST_659: [OK].
RANDOM TEST_660: [OK].
RANDOM TEST_661: [OK].
RANDOM TEST_662: [OK].
RANDOM TEST_663: [OK].
RANDOM TEST_664: [OK].
RANDOM TEST_665: [OK].
RANDOM TEST_666: [OK].
RANDOM TEST_667: [OK].
RANDOM TEST_668: [OK].
RANDOM TEST_669: [OK].
RANDOM TEST_670: [OK].
RANDOM TEST_671: [OK].
RANDOM TEST_672: [OK].
RANDOM TEST_673: [OK].
RANDOM TEST_674: [OK].
RANDOM TEST_675: [OK].
RANDOM TEST_676: [OK].
RANDOM TEST_677: [OK].
RANDOM TEST_678: [OK].
RANDOM TEST_679: [OK].
RANDOM TEST_680: [OK].
RANDOM TEST_681: [OK].
RANDOM TEST_682: [OK].
RANDOM TEST_683: [OK].
RANDOM TEST_684: [OK].
RANDOM TEST_685: [OK].
RANDOM TEST_686: [OK].
RANDOM TEST_687: [OK].
RANDOM TEST_688: [OK].
RANDOM TEST_689: [OK].
RANDOM TEST_690: [OK].
RANDOM TEST_691: [OK].
RANDOM TEST_692: [OK].
RANDOM TEST_693: [OK].
RANDOM TEST_694: [OK].
RANDOM TEST_695: [OK].
RANDOM TEST_696: [OK].
RANDOM TEST_697: [OK].
RANDOM TEST_698: [OK].
RANDOM TEST_699: [OK].
RANDOM TEST_700: [OK].
RANDOM TEST_701: [OK].
RANDOM TEST_702: [OK].
RANDOM TEST_703: [OK].
RANDOM TEST_704: [OK].
RANDOM TEST_705: [OK].
RANDOM TEST_706: [OK].
RANDOM TEST_707: [OK].
RANDOM TEST_708: [OK].
RANDOM TEST_709: [OK].
RANDOM TEST_710: [OK].
RANDOM TEST_711: [OK].
RANDOM TEST_712: [OK].
RANDOM TEST_713: [OK].
RANDOM TEST_714: [OK].
RANDOM TEST_715: [OK].
RANDOM TEST_716: [OK].
RANDOM TEST_717: [OK].
RANDOM TEST_718: [OK].
RANDOM TEST_719: [OK].
RANDOM TEST_720: [OK].
RANDOM TEST_721: [OK].
RANDOM TEST_722: [OK].
RANDOM TEST_723: [OK].
RANDOM TEST_724: [OK].
RANDOM TEST_725: [OK].
RANDOM TEST_726: [OK].
RANDOM TEST_727: [OK].
RANDOM TEST_728: [OK].
RANDOM TEST_729: [OK].
RANDOM TEST_730: [OK].
RANDOM TEST_731: [OK].
RANDOM TEST_732: [OK].
RANDOM TEST_733: [OK].
RANDOM TEST_734: [OK].
RANDOM TEST_735: [OK].
RANDOM TEST_736: [OK].
RANDOM TEST_737: [OK].
RANDOM TEST_738: [OK].
RANDOM TEST_739: [OK].
RANDOM TEST_740: [OK].
RANDOM TEST_741: [OK].
RANDOM TEST_742: [OK].
RANDOM TEST_743: [OK].
RANDOM TEST_744: [OK].
RANDOM TEST_745: [OK].
RANDOM TEST_746: [OK].
RANDOM TEST_747: [OK].
RANDOM TEST_748: [OK].
RANDOM TEST_749: [OK].
RANDOM TEST_750: [OK].
RANDOM TEST_751: [OK].
RANDOM TEST_752: [OK].
RANDOM TEST_753: [OK].
RANDOM TEST_754: [OK].
RANDOM TEST_755: [OK].
RANDOM TEST_756: [OK].
RANDOM TEST_757: [OK].
RANDOM TEST_758: [OK].
RANDOM TEST_759: [OK].
RANDOM TEST_760: [OK].
RANDOM TEST_761: [OK].
RANDOM TEST_762: [OK].
RANDOM TEST_763: [OK].
RANDOM TEST_764: [OK].
RANDOM TEST_765: [OK].
RANDOM TEST_766: [OK].
RANDOM TEST_767: [OK].
RANDOM TEST_768: [OK].
RANDOM TEST_769: [OK].
RANDOM TEST_770: [OK].
RANDOM TEST_771: [OK].
RANDOM TEST_772: [OK].
RANDOM TEST_773: [OK].
RANDOM TEST_774: [OK].
RANDOM TEST_775: [OK].
RANDOM TEST_776: [OK].
RANDOM TEST_777: [OK].
RANDOM TEST_778: [OK].
RANDOM TEST_779: [OK].
RANDOM TEST_780: [OK].
RANDOM TEST_781: [OK].
RANDOM TEST_782: [OK].
RANDOM TEST_783: [OK].
RANDOM TEST_784: [OK].
RANDOM TEST_785: [OK].
RANDOM TEST_786: [OK].
RANDOM TEST_787: [OK].
RANDOM TEST_788: [OK].
RANDOM TEST_789: [OK].
RANDOM TEST_790: [OK].
RANDOM TEST_791: [OK].
RANDOM TEST_792: [OK].
RANDOM TEST_793: [OK].
RANDOM TEST_794: [OK].
RANDOM TEST_795: [OK].
RANDOM TEST_796: [OK].
RANDOM TEST_797: [OK].
RANDOM TEST_798: [OK].
RANDOM TEST_799: [OK].
RANDOM TEST_800: [OK].
RANDOM TEST_801: [OK].
RANDOM TEST_802: [OK].
RANDOM TEST_803: [OK].
RANDOM TEST_804: [OK].
RANDOM TEST_805: [OK].
RANDOM TEST_806: [OK].
RANDOM TEST_807: [OK].
RANDOM TEST_808: [OK].
RANDOM TEST_809: [OK].
RANDOM TEST_810: [OK].
RANDOM TEST_811: [OK].
RANDOM TEST_812: [OK].
RANDOM TEST_813: [OK].
RANDOM TEST_814: [OK].
RANDOM TEST_815: [OK].
RANDOM TEST_816: [OK].
RANDOM TEST_817: [OK].
RANDOM TEST_818: [OK].
RANDOM TEST_819: [OK].
RANDOM TEST_820: [OK].
RANDOM TEST_821: [OK].
RANDOM TEST_822: [OK].
RANDOM TEST_823: [OK].
RANDOM TEST_824: [OK].
RANDOM TEST_825: [OK].
RANDOM TEST_826: [OK].
RANDOM TEST_827: [OK].
RANDOM TEST_828: [OK].
RANDOM TEST_829: [OK].
RANDOM TEST_830: [OK].
RANDOM TEST_831: [OK].
RANDOM TEST_832: [OK].
RANDOM TEST_833: [OK].
RANDOM TEST_834: [OK].
RANDOM TEST_835: [OK].
RANDOM TEST_836: [OK].
RANDOM TEST_837: [OK].
RANDOM TEST_838: [OK].
RANDOM TEST_839: [OK].
RANDOM TEST_840: [OK].
RANDOM TEST_841: [OK].
RANDOM TEST_842: [OK].
RANDOM TEST_843: [OK].
RANDOM TEST_844: [OK].
RANDOM TEST_845: [OK].
RANDOM TEST_846: [OK].
RANDOM TEST_847: [OK].
RANDOM TEST_848: [OK].
RANDOM TEST_849: [OK].
RANDOM TEST_850: [OK].
RANDOM TEST_851: [OK].
RANDOM TEST_852: [OK].
RANDOM TEST_853: [OK].
RANDOM TEST_854: [OK].
RANDOM TEST_855: [OK].
RANDOM TEST_856: [OK].
RANDOM TEST_857: [OK].
RANDOM TEST_858: [OK].
RANDOM TEST_859: [OK].
RANDOM TEST_860: [OK].
RANDOM TEST_861: [OK].
RANDOM TEST_862: [OK].
RANDOM TEST_863: [OK].
RANDOM TEST_864: [OK].
RANDOM TEST_865: [OK].
RANDOM TEST_866: [OK].
RANDOM TEST_867: [OK].
RANDOM TEST_868: [OK].
RANDOM TEST_869: [OK].
RANDOM TEST_870: [OK].
RANDOM TEST_871: [OK].
RANDOM TEST_872: [OK].
RANDOM TEST_873: [OK].
RANDOM TEST_874: [OK].
RANDOM TEST_875: [OK].
RANDOM TEST_876: [OK].
RANDOM TEST_877: [OK].
RANDOM TEST_878: [OK].
RANDOM TEST_879: [OK].
RANDOM TEST_880: [OK].
RANDOM TEST_881: [OK].
RANDOM TEST_882: [OK].
RANDOM TEST_883: [OK].
RANDOM TEST_884: [OK].
RANDOM TEST_885: [OK].
RANDOM TEST_886: [OK].
RANDOM TEST_887: [OK].
RANDOM TEST_888: [OK].
RANDOM TEST_889: [OK].
RANDOM TEST_890: [OK].
RANDOM TEST_891: [OK].
RANDOM TEST_892: [OK].
RANDOM TEST_893: [OK].
RANDOM TEST_894: [OK].
RANDOM TEST_895: [OK].
RANDOM TEST_896: [OK].
RANDOM TEST_897: [OK].
RANDOM TEST_898: [OK].
RANDOM TEST_899: [OK].
RANDOM TEST_900: [OK].
RANDOM TEST_901: [OK].
RANDOM TEST_902: [OK].
RANDOM TEST_903: [OK].
RANDOM TEST_904: [OK].
RANDOM TEST_905: [OK].
RANDOM TEST_906: [OK].
RANDOM TEST_907: [OK].
RANDOM TEST_908: [OK].
RANDOM TEST_909: [OK].
RANDOM TEST_910: [OK].
RANDOM TEST_911: [OK].
RANDOM TEST_912: [OK].
RANDOM TEST_913: [OK].
RANDOM TEST_914: [OK].
RANDOM TEST_915: [OK].
RANDOM TEST_916: [OK].
RANDOM TEST_917: [OK].
RANDOM TEST_918: [OK].
RANDOM TEST_919: [OK].
RANDOM TEST_920: [OK].
RANDOM TEST_921: [OK].
RANDOM TEST_922: [OK].
RANDOM TEST_923: [OK].
RANDOM TEST_924: [OK].
RANDOM TEST_925: [OK].
RANDOM TEST_926: [OK].
RANDOM TEST_927: [OK].
RANDOM TEST_928: [OK].
RANDOM TEST_929: [OK].
RANDOM TEST_930: [OK].
RANDOM TEST_931: [OK].
RANDOM TEST_932: [OK].
RANDOM TEST_933: [OK].
RANDOM TEST_934: [OK].
RANDOM TEST_935: [OK].
RANDOM TEST_936: [OK].
RANDOM TEST_937: [OK].
RANDOM TEST_938: [OK].
RANDOM TEST_939: [OK].
RANDOM TEST_940: [OK].
RANDOM TEST_941: [OK].
RANDOM TEST_942: [OK].
RANDOM TEST_943: [OK].
RANDOM TEST_944: [OK].
RANDOM TEST_945: [OK].
RANDOM TEST_946: [OK].
RANDOM TEST_947: [OK].
RANDOM TEST_948: [OK].
RANDOM TEST_949: [OK].
RANDOM TEST_950: [OK].
RANDOM TEST_951: [OK].
RANDOM TEST_952: [OK].
RANDOM TEST_953: [OK].
RANDOM TEST_954: [OK].
RANDOM TEST_955: [OK].
RANDOM TEST_956: [OK].
RANDOM TEST_957: [OK].
RANDOM TEST_958: [OK].
RANDOM TEST_959: [OK].
RANDOM TEST_960: [OK].
RANDOM TEST_961: [OK].
RANDOM TEST_962: [OK].
RANDOM TEST_963: [OK].
RANDOM TEST_964: [OK].
RANDOM TEST_965: [OK].
RANDOM TEST_966: [OK].
RANDOM TEST_967: [OK].
RANDOM TEST_968: [OK].
RANDOM TEST_969: [OK].
RANDOM TEST_970: [OK].
RANDOM TEST_971: [OK].
RANDOM TEST_972: [OK].
RANDOM TEST_973: [OK].
RANDOM TEST_974: [OK].
RANDOM TEST_975: [OK].
RANDOM TEST_976: [OK].
RANDOM TEST_977: [OK].
RANDOM TEST_978: [OK].
RANDOM TEST_979: [OK].
RANDOM TEST_980: [OK].
RANDOM TEST_981: [OK].
RANDOM TEST_982: [OK].
RANDOM TEST_983: [OK].
RANDOM TEST_984: [OK].
RANDOM TEST_985: [OK].
RANDOM TEST_986: [OK].
RANDOM TEST_987: [OK].
RANDOM TEST_988: [OK].
RANDOM TEST_989: [OK].
RANDOM TEST_990: [OK].
RANDOM TEST_991: [OK].
RANDOM TEST_992: [OK].
RANDOM TEST_993: [OK].
RANDOM TEST_994: [OK].
RANDOM TEST_995: [OK].
RANDOM TEST_996: [OK].
RANDOM TEST_997: [OK].
RANDOM TEST_998: [OK].
RANDOM TEST_999: [OK].
RANDOM TEST_1000: [OK].
RANDOM TEST_1001: [OK].
RANDOM TEST_1002: [OK].
RANDOM TEST_1003: [OK].
RANDOM TEST_1004: [OK].
RANDOM TEST_1005: [OK].
RANDOM TEST_1006: [OK].
RANDOM TEST_1007: [OK].
RANDOM TEST_1008: [OK].
RANDOM TEST_1009: [OK].
RANDOM TEST_1010: [OK].
RANDOM TEST_1011: [OK].
RANDOM TEST_1012: [OK].
RANDOM TEST_1013: [OK].
RANDOM TEST_1014: [OK].
RANDOM TEST_1015: [OK].
RANDOM TEST_1016: [OK].
RANDOM TEST_1017: [OK].
RANDOM TEST_1018: [OK].
RANDOM TEST_1019: [OK].
RANDOM TEST_1020: [OK].
RANDOM TEST_1021: [OK].
RANDOM TEST_1022: [OK].
RANDOM TEST_1023: [OK].
RANDOM TEST_1024: [OK].
RANDOM TEST_1025: [OK].
RANDOM TEST_1026: [OK].
RANDOM TEST_1027: [OK].
RANDOM TEST_1028: [OK].
RANDOM TEST_1029: [OK].
RANDOM TEST_1030: [OK].
RANDOM TEST_1031: [OK].
RANDOM TEST_1032: [OK].
RANDOM TEST_1033: [OK].
RANDOM TEST_1034: [OK].
RANDOM TEST_1035: [OK].
RANDOM TEST_1036: [OK].
RANDOM TEST_1037: [OK].
RANDOM TEST_1038: [OK].
RANDOM TEST_1039: [OK].
RANDOM TEST_1040: [OK].
RANDOM TEST_1041: [OK].
RANDOM TEST_1042: [OK].
RANDOM TEST_1043: [OK].
RANDOM TEST_1044: [OK].
RANDOM TEST_1045: [OK].
RANDOM TEST_1046: [OK].
RANDOM TEST_1047: [OK].
RANDOM TEST_1048: [OK].
RANDOM TEST_1049: [OK].
RANDOM TEST_1050: [OK].
RANDOM TEST_1051: [OK].
RANDOM TEST_1052: [OK].
RANDOM TEST_1053: [OK].
RANDOM TEST_1054: [OK].
RANDOM TEST_1055: [OK].
RANDOM TEST_1056: [OK].
RANDOM TEST_1057: [OK].
RANDOM TEST_1058: [OK].
RANDOM TEST_1059: [OK].
RANDOM TEST_1060: [OK].
RANDOM TEST_1061: [OK].
RANDOM TEST_1062: [OK].
RANDOM TEST_1063: [OK].
RANDOM TEST_1064: [OK].
RANDOM TEST_1065: [OK].
RANDOM TEST_1066: [OK].
RANDOM TEST_1067: [OK].
RANDOM TEST_1068: [OK].
RANDOM TEST_1069: [OK].
RANDOM TEST_1070: [OK].
RANDOM TEST_1071: [OK].
RANDOM TEST_1072: [OK].
RANDOM TEST_1073: [OK].
RANDOM TEST_1074: [OK].
RANDOM TEST_1075: [OK].
RANDOM TEST_1076: [OK].
RANDOM TEST_1077: [OK].
RANDOM TEST_1078: [OK].
RANDOM TEST_1079: [OK].
RANDOM TEST_1080: [OK].
RANDOM TEST_1081: [OK].
RANDOM TEST_1082: [OK].
RANDOM TEST_1083: [OK].
RANDOM TEST_1084: [OK].
RANDOM TEST_1085: [OK].
RANDOM TEST_1086: [OK].
RANDOM TEST_1087: [OK].
RANDOM TEST_1088: [OK].
RANDOM TEST_1089: [OK].
RANDOM TEST_1090: [OK].
RANDOM TEST_1091: [OK].
RANDOM TEST_1092: [OK].
RANDOM TEST_1093: [OK].
RANDOM TEST_1094: [OK].
RANDOM TEST_1095: [OK].
RANDOM TEST_1096: [OK].
RANDOM TEST_1097: [OK].
RANDOM TEST_1098: [OK].
RANDOM TEST_1099: [OK].
RANDOM TEST_1100: [OK].
RANDOM TEST_1101: [OK].
RANDOM TEST_1102: [OK].
RANDOM TEST_1103: [OK].
RANDOM TEST_1104: [OK].
RANDOM TEST_1105: [OK].
RANDOM TEST_1106: [OK].
RANDOM TEST_1107: [OK].
RANDOM TEST_1108: [OK].
RANDOM TEST_1109: [OK].
RANDOM TEST_1110: [OK].
RANDOM TEST_1111: [OK].
RANDOM TEST_1112: [OK].
RANDOM TEST_1113: [OK].
RANDOM TEST_1114: [OK].
RANDOM TEST_1115: [OK].
RANDOM TEST_1116: [OK].
RANDOM TEST_1117: [OK].
RANDOM TEST_1118: [OK].
RANDOM TEST_1119: [OK].
RANDOM TEST_1120: [OK].
RANDOM TEST_1121: [OK].
RANDOM TEST_1122: [OK].
RANDOM TEST_1123: [OK].
RANDOM TEST_1124: [OK].
RANDOM TEST_1125: [OK].
RANDOM TEST_1126: [OK].
RANDOM TEST_1127: [OK].
RANDOM TEST_1128: [OK].
RANDOM TEST_1129: [OK].
RANDOM TEST_1130: [OK].
RANDOM TEST_1131: [OK].
RANDOM TEST_1132: [OK].
RANDOM TEST_1133: [OK].
RANDOM TEST_1134: [OK].
RANDOM TEST_1135: [OK].
RANDOM TEST_1136: [OK].
RANDOM TEST_1137: [OK].
RANDOM TEST_1138: [OK].
RANDOM TEST_1139: [OK].
RANDOM TEST_1140: [OK].
RANDOM TEST_1141: [OK].
RANDOM TEST_1142: [OK].
RANDOM TEST_1143: [OK].
RANDOM TEST_1144: [OK].
RANDOM TEST_1145: [OK].
RANDOM TEST_1146: [OK].
RANDOM TEST_1147: [OK].
RANDOM TEST_1148: [OK].
RANDOM TEST_1149: [OK].
RANDOM TEST_1150: [OK].
RANDOM TEST_1151: [OK].
RANDOM TEST_1152: [OK].
RANDOM TEST_1153: [OK].
RANDOM TEST_1154: [OK].
RANDOM TEST_1155: [OK].
RANDOM TEST_1156: [OK].
RANDOM TEST_1157: [OK].
RANDOM TEST_1158: [OK].
RANDOM TEST_1159: [OK].
RANDOM TEST_1160: [OK].
RANDOM TEST_1161: [OK].
RANDOM TEST_1162: [OK].
RANDOM TEST_1163: [OK].
RANDOM TEST_1164: [OK].
RANDOM TEST_1165: [OK].
RANDOM TEST_1166: [OK].
RANDOM TEST_1167: [OK].
RANDOM TEST_1168: [OK].
RANDOM TEST_1169: [OK].
RANDOM TEST_1170: [OK].
RANDOM TEST_1171: [OK].
RANDOM TEST_1172: [OK].
RANDOM TEST_1173: [OK].
RANDOM TEST_1174: [OK].
RANDOM TEST_1175: [OK].
RANDOM TEST_1176: [OK].
RANDOM TEST_1177: [OK].
RANDOM TEST_1178: [OK].
RANDOM TEST_1179: [OK].
RANDOM TEST_1180: [OK].
RANDOM TEST_1181: [OK].
RANDOM TEST_1182: [OK].
RANDOM TEST_1183: [OK].
RANDOM TEST_1184: [OK].
RANDOM TEST_1185: [OK].
RANDOM TEST_1186: [OK].
RANDOM TEST_1187: [OK].
RANDOM TEST_1188: [OK].
RANDOM TEST_1189: [OK].
RANDOM TEST_1190: [OK].
RANDOM TEST_1191: [OK].
RANDOM TEST_1192: [OK].
RANDOM TEST_1193: [OK].
RANDOM TEST_1194: [OK].
RANDOM TEST_1195: [OK].
RANDOM TEST_1196: [OK].
RANDOM TEST_1197: [OK].
RANDOM TEST_1198: [OK].
RANDOM TEST_1199: [OK].
RANDOM TEST_1200: [OK].
RANDOM TEST_1201: [OK].
RANDOM TEST_1202: [OK].
RANDOM TEST_1203: [OK].
RANDOM TEST_1204: [OK].
RANDOM TEST_1205: [OK].
RANDOM TEST_1206: [OK].
RANDOM TEST_1207: [OK].
RANDOM TEST_1208: [OK].
RANDOM TEST_1209: [OK].
RANDOM TEST_1210: [OK].
RANDOM TEST_1211: [OK].
RANDOM TEST_1212: [OK].
RANDOM TEST_1213: [OK].
RANDOM TEST_1214: [OK].
RANDOM TEST_1215: [OK].
RANDOM TEST_1216: [OK].
RANDOM TEST_1217: [OK].
RANDOM TEST_1218: [OK].
RANDOM TEST_1219: [OK].
RANDOM TEST_1220: [OK].
RANDOM TEST_1221: [OK].
RANDOM TEST_1222: [OK].
RANDOM TEST_1223: [OK].
RANDOM TEST_1224: [OK].
RANDOM TEST_1225: [OK].
RANDOM TEST_1226: [OK].
RANDOM TEST_1227: [OK].
RANDOM TEST_1228: [OK].
RANDOM TEST_1229: [OK].
RANDOM TEST_1230: [OK].
RANDOM TEST_1231: [OK].
RANDOM TEST_1232: [OK].
RANDOM TEST_1233: [OK].
RANDOM TEST_1234: [OK].
RANDOM TEST_1235: [OK].
RANDOM TEST_1236: [OK].
RANDOM TEST_1237: [OK].
RANDOM TEST_1238: [OK].
RANDOM TEST_1239: [OK].
RANDOM TEST_1240: [OK].
RANDOM TEST_1241: [OK].
RANDOM TEST_1242: [OK].
RANDOM TEST_1243: [OK].
RANDOM TEST_1244: [OK].
RANDOM TEST_1245: [OK].
RANDOM TEST_1246: [OK].
RANDOM TEST_1247: [OK].
RANDOM TEST_1248: [OK].
RANDOM TEST_1249: [OK].
RANDOM TEST_1250: [OK].
RANDOM TEST_1251: [OK].
RANDOM TEST_1252: [OK].
RANDOM TEST_1253: [OK].
RANDOM TEST_1254: [OK].
RANDOM TEST_1255: [OK].
RANDOM TEST_1256: [OK].
RANDOM TEST_1257: [OK].
RANDOM TEST_1258: [OK].
RANDOM TEST_1259: [OK].
RANDOM TEST_1260: [OK].
RANDOM TEST_1261: [OK].
RANDOM TEST_1262: [OK].
RANDOM TEST_1263: [OK].
RANDOM TEST_1264: [OK].
RANDOM TEST_1265: [OK].
RANDOM TEST_1266: [OK].
RANDOM TEST_1267: [OK].
RANDOM TEST_1268: [OK].
RANDOM TEST_1269: [OK].
RANDOM TEST_1270: [OK].
RANDOM TEST_1271: [OK].
RANDOM TEST_1272: [OK].
RANDOM TEST_1273: [OK].
RANDOM TEST_1274: [OK].
RANDOM TEST_1275: [OK].
RANDOM TEST_1276: [OK].
RANDOM TEST_1277: [OK].
RANDOM TEST_1278: [OK].
RANDOM TEST_1279: [OK].
RANDOM TEST_1280: [OK].
RANDOM TEST_1281: [OK].
RANDOM TEST_1282: [OK].
RANDOM TEST_1283: [OK].
RANDOM TEST_1284: [OK].
RANDOM TEST_1285: [OK].
RANDOM TEST_1286: [OK].
RANDOM TEST_1287: [OK].
RANDOM TEST_1288: [OK].
RANDOM TEST_1289: [OK].
RANDOM TEST_1290: [OK].
RANDOM TEST_1291: [OK].
RANDOM TEST_1292: [OK].
RANDOM TEST_1293: [OK].
RANDOM TEST_1294: [OK].
RANDOM TEST_1295: [OK].
RANDOM TEST_1296: [OK].
RANDOM TEST_1297: [OK].
RANDOM TEST_1298: [OK].
RANDOM TEST_1299: [OK].
RANDOM TEST_1300: [OK].
RANDOM TEST_1301: [OK].
RANDOM TEST_1302: [OK].
RANDOM TEST_1303: [OK].
RANDOM TEST_1304: [OK].
RANDOM TEST_1305: [OK].
RANDOM TEST_1306: [OK].
RANDOM TEST_1307: [OK].
RANDOM TEST_1308: [OK].
RANDOM TEST_1309: [OK].
RANDOM TEST_1310: [OK].
RANDOM TEST_1311: [OK].
RANDOM TEST_1312: [OK].
RANDOM TEST_1313: [OK].
RANDOM TEST_1314: [OK].
RANDOM TEST_1315: [OK].
RANDOM TEST_1316: [OK].
RANDOM TEST_1317: [OK].
RANDOM TEST_1318: [OK].
RANDOM TEST_1319: [OK].
RANDOM TEST_1320: [OK].
RANDOM TEST_1321: [OK].
RANDOM TEST_1322: [OK].
RANDOM TEST_1323: [OK].
RANDOM TEST_1324: [OK].
RANDOM TEST_1325: [OK].
RANDOM TEST_1326: [OK].
RANDOM TEST_1327: [OK].
RANDOM TEST_1328: [OK].
RANDOM TEST_1329: [OK].
RANDOM TEST_1330: [OK].
RANDOM TEST_1331: [OK].
RANDOM TEST_1332: [OK].
RANDOM TEST_1333: [OK].
RANDOM TEST_1334: [OK].
RANDOM TEST_1335: [OK].
RANDOM TEST_1336: [OK].
RANDOM TEST_1337: [OK].
RANDOM TEST_1338: [OK].
RANDOM TEST_1339: [OK].
RANDOM TEST_1340: [OK].
RANDOM TEST_1341: [OK].
RANDOM TEST_1342: [OK].
RANDOM TEST_1343: [OK].
RANDOM TEST_1344: [OK].
RANDOM TEST_1345: [OK].
RANDOM TEST_1346: [OK].
RANDOM TEST_1347: [OK].
RANDOM TEST_1348: [OK].
RANDOM TEST_1349: [OK].
RANDOM TEST_1350: [OK].
RANDOM TEST_1351: [OK].
RANDOM TEST_1352: [OK].
RANDOM TEST_1353: [OK].
RANDOM TEST_1354: [OK].
RANDOM TEST_1355: [OK].
RANDOM TEST_1356: [OK].
RANDOM TEST_1357: [OK].
RANDOM TEST_1358: [OK].
RANDOM TEST_1359: [OK].
RANDOM TEST_1360: [OK].
RANDOM TEST_1361: [OK].
RANDOM TEST_1362: [OK].
RANDOM TEST_1363: [OK].
RANDOM TEST_1364: [OK].
RANDOM TEST_1365: [OK].
RANDOM TEST_1366: [OK].
RANDOM TEST_1367: [OK].
RANDOM TEST_1368: [OK].
RANDOM TEST_1369: [OK].
RANDOM TEST_1370: [OK].
RANDOM TEST_1371: [OK].
RANDOM TEST_1372: [OK].
RANDOM TEST_1373: [OK].
RANDOM TEST_1374: [OK].
RANDOM TEST_1375: [OK].
RANDOM TEST_1376: [OK].
RANDOM TEST_1377: [OK].
RANDOM TEST_1378: [OK].
RANDOM TEST_1379: [OK].
RANDOM TEST_1380: [OK].
RANDOM TEST_1381: [OK].
RANDOM TEST_1382: [OK].
RANDOM TEST_1383: [OK].
RANDOM TEST_1384: [OK].
RANDOM TEST_1385: [OK].
RANDOM TEST_1386: [OK].
RANDOM TEST_1387: [OK].
RANDOM TEST_1388: [OK].
RANDOM TEST_1389: [OK].
RANDOM TEST_1390: [OK].
RANDOM TEST_1391: [OK].
RANDOM TEST_1392: [OK].
RANDOM TEST_1393: [OK].
RANDOM TEST_1394: [OK].
RANDOM TEST_1395: [OK].
RANDOM TEST_1396: [OK].
RANDOM TEST_1397: [OK].
RANDOM TEST_1398: [OK].
RANDOM TEST_1399: [OK].
RANDOM TEST_1400: [OK].
RANDOM TEST_1401: [OK].
RANDOM TEST_1402: [OK].
RANDOM TEST_1403: [OK].
RANDOM TEST_1404: [OK].
RANDOM TEST_1405: [OK].
RANDOM TEST_1406: [OK].
RANDOM TEST_1407: [OK].
RANDOM TEST_1408: [OK].
RANDOM TEST_1409: [OK].
RANDOM TEST_1410: [OK].
RANDOM TEST_1411: [OK].
RANDOM TEST_1412: [OK].
RANDOM TEST_1413: [OK].
RANDOM TEST_1414: [OK].
RANDOM TEST_1415: [OK].
RANDOM TEST_1416: [OK].
RANDOM TEST_1417: [OK].
RANDOM TEST_1418: [OK].
RANDOM TEST_1419: [OK].
RANDOM TEST_1420: [OK].
RANDOM TEST_1421: [OK].
RANDOM TEST_1422: [OK].
RANDOM TEST_1423: [OK].
RANDOM TEST_1424: [OK].
RANDOM TEST_1425: [OK].
RANDOM TEST_1426: [OK].
RANDOM TEST_1427: [OK].
RANDOM TEST_1428: [OK].
RANDOM TEST_1429: [OK].
RANDOM TEST_1430: [OK].
RANDOM TEST_1431: [OK].
RANDOM TEST_1432: [OK].
RANDOM TEST_1433: [OK].
RANDOM TEST_1434: [OK].
RANDOM TEST_1435: [OK].
RANDOM TEST_1436: [OK].
RANDOM TEST_1437: [OK].
RANDOM TEST_1438: [OK].
RANDOM TEST_1439: [OK].
RANDOM TEST_1440: [OK].
RANDOM TEST_1441: [OK].
RANDOM TEST_1442: [OK].
RANDOM TEST_1443: [OK].
RANDOM TEST_1444: [OK].
RANDOM TEST_1445: [OK].
RANDOM TEST_1446: [OK].
RANDOM TEST_1447: [OK].
RANDOM TEST_1448: [OK].
RANDOM TEST_1449: [OK].
RANDOM TEST_1450: [OK].
RANDOM TEST_1451: [OK].
RANDOM TEST_1452: [OK].
RANDOM TEST_1453: [OK].
RANDOM TEST_1454: [OK].
RANDOM TEST_1455: [OK].
RANDOM TEST_1456: [OK].
RANDOM TEST_1457: [OK].
RANDOM TEST_1458: [OK].
RANDOM TEST_1459: [OK].
RANDOM TEST_1460: [OK].
RANDOM TEST_1461: [OK].
RANDOM TEST_1462: [OK].
RANDOM TEST_1463: [OK].
RANDOM TEST_1464: [OK].
RANDOM TEST_1465: [OK].
RANDOM TEST_1466: [OK].
RANDOM TEST_1467: [OK].
RANDOM TEST_1468: [OK].
RANDOM TEST_1469: [OK].
RANDOM TEST_1470: [OK].
RANDOM TEST_1471: [OK].
RANDOM TEST_1472: [OK].
RANDOM TEST_1473: [OK].
RANDOM TEST_1474: [OK].
RANDOM TEST_1475: [OK].
RANDOM TEST_1476: [OK].
RANDOM TEST_1477: [OK].
RANDOM TEST_1478: [OK].
RANDOM TEST_1479: [OK].
RANDOM TEST_1480: [OK].
RANDOM TEST_1481: [OK].
RANDOM TEST_1482: [OK].
RANDOM TEST_1483: [OK].
RANDOM TEST_1484: [OK].
RANDOM TEST_1485: [OK].
RANDOM TEST_1486: [OK].
RANDOM TEST_1487: [OK].
RANDOM TEST_1488: [OK].
RANDOM TEST_1489: [OK].
RANDOM TEST_1490: [OK].
RANDOM TEST_1491: [OK].
RANDOM TEST_1492: [OK].
RANDOM TEST_1493: [OK].
RANDOM TEST_1494: [OK].
RANDOM TEST_1495: [OK].
RANDOM TEST_1496: [OK].
RANDOM TEST_1497: [OK].
RANDOM TEST_1498: [OK].
RANDOM TEST_1499: [OK].
RANDOM TEST_1500: [OK].
RANDOM TEST_1501: [OK].
RANDOM TEST_1502: [OK].
RANDOM TEST_1503: [OK].
RANDOM TEST_1504: [OK].
RANDOM TEST_1505: [OK].
RANDOM TEST_1506: [OK].
RANDOM TEST_1507: [OK].
RANDOM TEST_1508: [OK].
RANDOM TEST_1509: [OK].
RANDOM TEST_1510: [OK].
RANDOM TEST_1511: [OK].
RANDOM TEST_1512: [OK].
RANDOM TEST_1513: [OK].
RANDOM TEST_1514: [OK].
RANDOM TEST_1515: [OK].
RANDOM TEST_1516: [OK].
RANDOM TEST_1517: [OK].
RANDOM TEST_1518: [OK].
RANDOM TEST_1519: [OK].
RANDOM TEST_1520: [OK].
RANDOM TEST_1521: [OK].
RANDOM TEST_1522: [OK].
RANDOM TEST_1523: [OK].
RANDOM TEST_1524: [OK].
RANDOM TEST_1525: [OK].
RANDOM TEST_1526: [OK].
RANDOM TEST_1527: [OK].
RANDOM TEST_1528: [OK].
RANDOM TEST_1529: [OK].
RANDOM TEST_1530: [OK].
RANDOM TEST_1531: [OK].
RANDOM TEST_1532: [OK].
RANDOM TEST_1533: [OK].
RANDOM TEST_1534: [OK].
RANDOM TEST_1535: [OK].
RANDOM TEST_1536: [OK].
RANDOM TEST_1537: [OK].
RANDOM TEST_1538: [OK].
RANDOM TEST_1539: [OK].
RANDOM TEST_1540: [OK].
RANDOM TEST_1541: [OK].
RANDOM TEST_1542: [OK].
RANDOM TEST_1543: [OK].
RANDOM TEST_1544: [OK].
RANDOM TEST_1545: [OK].
RANDOM TEST_1546: [OK].
RANDOM TEST_1547: [OK].
RANDOM TEST_1548: [OK].
RANDOM TEST_1549: [OK].
RANDOM TEST_1550: [OK].
RANDOM TEST_1551: [OK].
RANDOM TEST_1552: [OK].
RANDOM TEST_1553: [OK].
RANDOM TEST_1554: [OK].
RANDOM TEST_1555: [OK].
RANDOM TEST_1556: [OK].
RANDOM TEST_1557: [OK].
RANDOM TEST_1558: [OK].
RANDOM TEST_1559: [OK].
RANDOM TEST_1560: [OK].
RANDOM TEST_1561: [OK].
RANDOM TEST_1562: [OK].
RANDOM TEST_1563: [OK].
RANDOM TEST_1564: [OK].
RANDOM TEST_1565: [OK].
RANDOM TEST_1566: [OK].
RANDOM TEST_1567: [OK].
RANDOM TEST_1568: [OK].
RANDOM TEST_1569: [OK].
RANDOM TEST_1570: [OK].
RANDOM TEST_1571: [OK].
RANDOM TEST_1572: [OK].
RANDOM TEST_1573: [OK].
RANDOM TEST_1574: [OK].
RANDOM TEST_1575: [OK].
RANDOM TEST_1576: [OK].
RANDOM TEST_1577: [OK].
RANDOM TEST_1578: [OK].
RANDOM TEST_1579: [OK].
RANDOM TEST_1580: [OK].
RANDOM TEST_1581: [OK].
RANDOM TEST_1582: [OK].
RANDOM TEST_1583: [OK].
RANDOM TEST_1584: [OK].
RANDOM TEST_1585: [OK].
RANDOM TEST_1586: [OK].
RANDOM TEST_1587: [OK].
RANDOM TEST_1588: [OK].
RANDOM TEST_1589: [OK].
RANDOM TEST_1590: [OK].
RANDOM TEST_1591: [OK].
RANDOM TEST_1592: [OK].
RANDOM TEST_1593: [OK].
RANDOM TEST_1594: [OK].
RANDOM TEST_1595: [OK].
RANDOM TEST_1596: [OK].
RANDOM TEST_1597: [OK].
RANDOM TEST_1598: [OK].
RANDOM TEST_1599: [OK].
RANDOM TEST_1600: [OK].
RANDOM TEST_1601: [OK].
RANDOM TEST_1602: [OK].
RANDOM TEST_1603: [OK].
RANDOM TEST_1604: [OK].
RANDOM TEST_1605: [OK].
RANDOM TEST_1606: [OK].
RANDOM TEST_1607: [OK].
RANDOM TEST_1608: [OK].
RANDOM TEST_1609: [OK].
RANDOM TEST_1610: [OK].
RANDOM TEST_1611: [OK].
RANDOM TEST_1612: [OK].
RANDOM TEST_1613: [OK].
RANDOM TEST_1614: [OK].
RANDOM TEST_1615: [OK].
RANDOM TEST_1616: [OK].
RANDOM TEST_1617: [OK].
RANDOM TEST_1618: [OK].
RANDOM TEST_1619: [OK].
RANDOM TEST_1620: [OK].
RANDOM TEST_1621: [OK].
RANDOM TEST_1622: [OK].
RANDOM TEST_1623: [OK].
RANDOM TEST_1624: [OK].
RANDOM TEST_1625: [OK].
RANDOM TEST_1626: [OK].
RANDOM TEST_1627: [OK].
RANDOM TEST_1628: [OK].
RANDOM TEST_1629: [OK].
RANDOM TEST_1630: [OK].
RANDOM TEST_1631: [OK].
RANDOM TEST_1632: [OK].
RANDOM TEST_1633: [OK].
RANDOM TEST_1634: [OK].
RANDOM TEST_1635: [OK].
RANDOM TEST_1636: [OK].
RANDOM TEST_1637: [OK].
RANDOM TEST_1638: [OK].
RANDOM TEST_1639: [OK].
RANDOM TEST_1640: [OK].
RANDOM TEST_1641: [OK].
RANDOM TEST_1642: [OK].
RANDOM TEST_1643: [OK].
RANDOM TEST_1644: [OK].
RANDOM TEST_1645: [OK].
RANDOM TEST_1646: [OK].
RANDOM TEST_1647: [OK].
RANDOM TEST_1648: [OK].
RANDOM TEST_1649: [OK].
RANDOM TEST_1650: [OK].
RANDOM TEST_1651: [OK].
RANDOM TEST_1652: [OK].
RANDOM TEST_1653: [OK].
RANDOM TEST_1654: [OK].
RANDOM TEST_1655: [OK].
RANDOM TEST_1656: [OK].
RANDOM TEST_1657: [OK].
RANDOM TEST_1658: [OK].
RANDOM TEST_1659: [OK].
RANDOM TEST_1660: [OK].
RANDOM TEST_1661: [OK].
RANDOM TEST_1662: [OK].
RANDOM TEST_1663: [OK].
RANDOM TEST_1664: [OK].
RANDOM TEST_1665: [OK].
RANDOM TEST_1666: [OK].
RANDOM TEST_1667: [OK].
RANDOM TEST_1668: [OK].
RANDOM TEST_1669: [OK].
RANDOM TEST_1670: [OK].
RANDOM TEST_1671: [OK].
RANDOM TEST_1672: [OK].
RANDOM TEST_1673: [OK].
RANDOM TEST_1674: [OK].
RANDOM TEST_1675: [OK].
RANDOM TEST_1676: [OK].
RANDOM TEST_1677: [OK].
RANDOM TEST_1678: [OK].
RANDOM TEST_1679: [OK].
RANDOM TEST_1680: [OK].
RANDOM TEST_1681: [OK].
RANDOM TEST_1682: [OK].
RANDOM TEST_1683: [OK].
RANDOM TEST_1684: [OK].
RANDOM TEST_1685: [OK].
RANDOM TEST_1686: [OK].
RANDOM TEST_1687: [OK].
RANDOM TEST_1688: [OK].
RANDOM TEST_1689: [OK].
RANDOM TEST_1690: [OK].
RANDOM TEST_1691: [OK].
RANDOM TEST_1692: [OK].
RANDOM TEST_1693: [OK].
RANDOM TEST_1694: [OK].
RANDOM TEST_1695: [OK].
RANDOM TEST_1696: [OK].
RANDOM TEST_1697: [OK].
RANDOM TEST_1698: [OK].
RANDOM TEST_1699: [OK].
RANDOM TEST_1700: [OK].
RANDOM TEST_1701: [OK].
RANDOM TEST_1702: [OK].
RANDOM TEST_1703: [OK].
RANDOM TEST_1704: [OK].
RANDOM TEST_1705: [OK].
RANDOM TEST_1706: [OK].
RANDOM TEST_1707: [OK].
RANDOM TEST_1708: [OK].
RANDOM TEST_1709: [OK].
RANDOM TEST_1710: [OK].
RANDOM TEST_1711: [OK].
RANDOM TEST_1712: [OK].
RANDOM TEST_1713: [OK].
RANDOM TEST_1714: [OK].
RANDOM TEST_1715: [OK].
RANDOM TEST_1716: [OK].
RANDOM TEST_1717: [OK].
RANDOM TEST_1718: [OK].
RANDOM TEST_1719: [OK].
RANDOM TEST_1720: [OK].
RANDOM TEST_1721: [OK].
RANDOM TEST_1722: [OK].
RANDOM TEST_1723: [OK].
RANDOM TEST_1724: [OK].
RANDOM TEST_1725: [OK].
RANDOM TEST_1726: [OK].
RANDOM TEST_1727: [OK].
RANDOM TEST_1728: [OK].
RANDOM TEST_1729: [OK].
RANDOM TEST_1730: [OK].
RANDOM TEST_1731: [OK].
RANDOM TEST_1732: [OK].
RANDOM TEST_1733: [OK].
RANDOM TEST_1734: [OK].
RANDOM TEST_1735: [OK].
RANDOM TEST_1736: [OK].
RANDOM TEST_1737: [OK].
RANDOM TEST_1738: [OK].
RANDOM TEST_1739: [OK].
RANDOM TEST_1740: [OK].
RANDOM TEST_1741: [OK].
RANDOM TEST_1742: [OK].
RANDOM TEST_1743: [OK].
RANDOM TEST_1744: [OK].
RANDOM TEST_1745: [OK].
RANDOM TEST_1746: [OK].
RANDOM TEST_1747: [OK].
RANDOM TEST_1748: [OK].
RANDOM TEST_1749: [OK].
RANDOM TEST_1750: [OK].
RANDOM TEST_1751: [OK].
RANDOM TEST_1752: [OK].
RANDOM TEST_1753: [OK].
RANDOM TEST_1754: [OK].
RANDOM TEST_1755: [OK].
RANDOM TEST_1756: [OK].
RANDOM TEST_1757: [OK].
RANDOM TEST_1758: [OK].
RANDOM TEST_1759: [OK].
RANDOM TEST_1760: [OK].
RANDOM TEST_1761: [OK].
RANDOM TEST_1762: [OK].
RANDOM TEST_1763: [OK].
RANDOM TEST_1764: [OK].
RANDOM TEST_1765: [OK].
RANDOM TEST_1766: [OK].
RANDOM TEST_1767: [OK].
RANDOM TEST_1768: [OK].
RANDOM TEST_1769: [OK].
RANDOM TEST_1770: [OK].
RANDOM TEST_1771: [OK].
RANDOM TEST_1772: [OK].
RANDOM TEST_1773: [OK].
RANDOM TEST_1774: [OK].
RANDOM TEST_1775: [OK].
RANDOM TEST_1776: [OK].
RANDOM TEST_1777: [OK].
RANDOM TEST_1778: [OK].
RANDOM TEST_1779: [OK].
RANDOM TEST_1780: [OK].
RANDOM TEST_1781: [OK].
RANDOM TEST_1782: [OK].
RANDOM TEST_1783: [OK].
RANDOM TEST_1784: [OK].
RANDOM TEST_1785: [OK].
RANDOM TEST_1786: [OK].
RANDOM TEST_1787: [OK].
RANDOM TEST_1788: [OK].
RANDOM TEST_1789: [OK].
RANDOM TEST_1790: [OK].
RANDOM TEST_1791: [OK].
RANDOM TEST_1792: [OK].
RANDOM TEST_1793: [OK].
RANDOM TEST_1794: [OK].
RANDOM TEST_1795: [OK].
RANDOM TEST_1796: [OK].
RANDOM TEST_1797: [OK].
RANDOM TEST_1798: [OK].
RANDOM TEST_1799: [OK].
RANDOM TEST_1800: [OK].
RANDOM TEST_1801: [OK].
RANDOM TEST_1802: [OK].
RANDOM TEST_1803: [OK].
RANDOM TEST_1804: [OK].
RANDOM TEST_1805: [OK].
RANDOM TEST_1806: [OK].
RANDOM TEST_1807: [OK].
RANDOM TEST_1808: [OK].
RANDOM TEST_1809: [OK].
RANDOM TEST_1810: [OK].
RANDOM TEST_1811: [OK].
RANDOM TEST_1812: [OK].
RANDOM TEST_1813: [OK].
RANDOM TEST_1814: [OK].
RANDOM TEST_1815: [OK].
RANDOM TEST_1816: [OK].
RANDOM TEST_1817: [OK].
RANDOM TEST_1818: [OK].
RANDOM TEST_1819: [OK].
RANDOM TEST_1820: [OK].
RANDOM TEST_1821: [OK].
RANDOM TEST_1822: [OK].
RANDOM TEST_1823: [OK].
RANDOM TEST_1824: [OK].
RANDOM TEST_1825: [OK].
RANDOM TEST_1826: [OK].
RANDOM TEST_1827: [OK].
RANDOM TEST_1828: [OK].
RANDOM TEST_1829: [OK].
RANDOM TEST_1830: [OK].
RANDOM TEST_1831: [OK].
RANDOM TEST_1832: [OK].
RANDOM TEST_1833: [OK].
RANDOM TEST_1834: [OK].
RANDOM TEST_1835: [OK].
RANDOM TEST_1836: [OK].
RANDOM TEST_1837: [OK].
RANDOM TEST_1838: [OK].
RANDOM TEST_1839: [OK].
RANDOM TEST_1840: [OK].
RANDOM TEST_1841: [OK].
RANDOM TEST_1842: [OK].
RANDOM TEST_1843: [OK].
RANDOM TEST_1844: [OK].
RANDOM TEST_1845: [OK].
RANDOM TEST_1846: [OK].
RANDOM TEST_1847: [OK].
RANDOM TEST_1848: [OK].
RANDOM TEST_1849: [OK].
RANDOM TEST_1850: [OK].
RANDOM TEST_1851: [OK].
RANDOM TEST_1852: [OK].
RANDOM TEST_1853: [OK].
RANDOM TEST_1854: [OK].
RANDOM TEST_1855: [OK].
RANDOM TEST_1856: [OK].
RANDOM TEST_1857: [OK].
RANDOM TEST_1858: [OK].
RANDOM TEST_1859: [OK].
RANDOM TEST_1860: [OK].
RANDOM TEST_1861: [OK].
RANDOM TEST_1862: [OK].
RANDOM TEST_1863: [OK].
RANDOM TEST_1864: [OK].
RANDOM TEST_1865: [OK].
RANDOM TEST_1866: [OK].
RANDOM TEST_1867: [OK].
RANDOM TEST_1868: [OK].
RANDOM TEST_1869: [OK].
RANDOM TEST_1870: [OK].
RANDOM TEST_1871: [OK].
RANDOM TEST_1872: [OK].
RANDOM TEST_1873: [OK].
RANDOM TEST_1874: [OK].
RANDOM TEST_1875: [OK].
RANDOM TEST_1876: [OK].
RANDOM TEST_1877: [OK].
RANDOM TEST_1878: [OK].
RANDOM TEST_1879: [OK].
RANDOM TEST_1880: [OK].
RANDOM TEST_1881: [OK].
RANDOM TEST_1882: [OK].
RANDOM TEST_1883: [OK].
RANDOM TEST_1884: [OK].
RANDOM TEST_1885: [OK].
RANDOM TEST_1886: [OK].
RANDOM TEST_1887: [OK].
RANDOM TEST_1888: [OK].
RANDOM TEST_1889: [OK].
RANDOM TEST_1890: [OK].
RANDOM TEST_1891: [OK].
RANDOM TEST_1892: [OK].
RANDOM TEST_1893: [OK].
RANDOM TEST_1894: [OK].
RANDOM TEST_1895: [OK].
RANDOM TEST_1896: [OK].
RANDOM TEST_1897: [OK].
RANDOM TEST_1898: [OK].
RANDOM TEST_1899: [OK].
RANDOM TEST_1900: [OK].
RANDOM TEST_1901: [OK].
RANDOM TEST_1902: [OK].
RANDOM TEST_1903: [OK].
RANDOM TEST_1904: [OK].
RANDOM TEST_1905: [OK].
RANDOM TEST_1906: [OK].
RANDOM TEST_1907: [OK].
RANDOM TEST_1908: [OK].
RANDOM TEST_1909: [OK].
RANDOM TEST_1910: [OK].
RANDOM TEST_1911: [OK].
RANDOM TEST_1912: [OK].
RANDOM TEST_1913: [OK].
RANDOM TEST_1914: [OK].
RANDOM TEST_1915: [OK].
RANDOM TEST_1916: [OK].
RANDOM TEST_1917: [OK].
RANDOM TEST_1918: [OK].
RANDOM TEST_1919: [OK].
RANDOM TEST_1920: [OK].
RANDOM TEST_1921: [OK].
RANDOM TEST_1922: [OK].
RANDOM TEST_1923: [OK].
RANDOM TEST_1924: [OK].
RANDOM TEST_1925: [OK].
RANDOM TEST_1926: [OK].
RANDOM TEST_1927: [OK].
RANDOM TEST_1928: [OK].
RANDOM TEST_1929: [OK].
RANDOM TEST_1930: [OK].
RANDOM TEST_1931: [OK].
RANDOM TEST_1932: [OK].
RANDOM TEST_1933: [OK].
RANDOM TEST_1934: [OK].
RANDOM TEST_1935: [OK].
RANDOM TEST_1936: [OK].
RANDOM TEST_1937: [OK].
RANDOM TEST_1938: [OK].
RANDOM TEST_1939: [OK].
RANDOM TEST_1940: [OK].
RANDOM TEST_1941: [OK].
RANDOM TEST_1942: [OK].
RANDOM TEST_1943: [OK].
RANDOM TEST_1944: [OK].
RANDOM TEST_1945: [OK].
RANDOM TEST_1946: [OK].
RANDOM TEST_1947: [OK].
RANDOM TEST_1948: [OK].
RANDOM TEST_1949: [OK].
RANDOM TEST_1950: [OK].
RANDOM TEST_1951: [OK].
RANDOM TEST_1952: [OK].
RANDOM TEST_1953: [OK].
RANDOM TEST_1954: [OK].
RANDOM TEST_1955: [OK].
RANDOM TEST_1956: [OK].
RANDOM TEST_1957: [OK].
RANDOM TEST_1958: [OK].
RANDOM TEST_1959: [OK].
RANDOM TEST_1960: [OK].
RANDOM TEST_1961: [OK].
RANDOM TEST_1962: [OK].
RANDOM TEST_1963: [OK].
RANDOM TEST_1964: [OK].
RANDOM TEST_1965: [OK].
RANDOM TEST_1966: [OK].
RANDOM TEST_1967: [OK].
RANDOM TEST_1968: [OK].
RANDOM TEST_1969: [OK].
RANDOM TEST_1970: [OK].
RANDOM TEST_1971: [OK].
RANDOM TEST_1972: [OK].
RANDOM TEST_1973: [OK].
RANDOM TEST_1974: [OK].
RANDOM TEST_1975: [OK].
RANDOM TEST_1976: [OK].
RANDOM TEST_1977: [OK].
RANDOM TEST_1978: [OK].
RANDOM TEST_1979: [OK].
RANDOM TEST_1980: [OK].
RANDOM TEST_1981: [OK].
RANDOM TEST_1982: [OK].
RANDOM TEST_1983: [OK].
RANDOM TEST_1984: [OK].
RANDOM TEST_1985: [OK].
RANDOM TEST_1986: [OK].
RANDOM TEST_1987: [OK].
RANDOM TEST_1988: [OK].
RANDOM TEST_1989: [OK].
RANDOM TEST_1990: [OK].
RANDOM TEST_1991: [OK].
RANDOM TEST_1992: [OK].
RANDOM TEST_1993: [OK].
RANDOM TEST_1994: [OK].
RANDOM TEST_1995: [OK].
RANDOM TEST_1996: [OK].
RANDOM TEST_1997: [OK].
RANDOM TEST_1998: [OK].
RANDOM TEST_1999: [OK].
RANDOM TEST_2000: [OK].
RANDOM TEST_2001: [OK].
RANDOM TEST_2002: [OK].
RANDOM TEST_2003: [OK].
RANDOM TEST_2004: [OK].
RANDOM TEST_2005: [OK].
RANDOM TEST_2006: [OK].
RANDOM TEST_2007: [OK].
RANDOM TEST_2008: [OK].
RANDOM TEST_2009: [OK].
RANDOM TEST_2010: [OK].
RANDOM TEST_2011: [OK].
RANDOM TEST_2012: [OK].
RANDOM TEST_2013: [OK].
RANDOM TEST_2014: [OK].
RANDOM TEST_2015: [OK].
RANDOM TEST_2016: [OK].
RANDOM TEST_2017: [OK].
RANDOM TEST_2018: [OK].
RANDOM TEST_2019: [OK].
RANDOM TEST_2020: [OK].
RANDOM TEST_2021: [OK].
RANDOM TEST_2022: [OK].
RANDOM TEST_2023: [OK].
RANDOM TEST_2024: [OK].
RANDOM TEST_2025: [OK].
RANDOM TEST_2026: [OK].
RANDOM TEST_2027: [OK].
RANDOM TEST_2028: [OK].
RANDOM TEST_2029: [OK].
RANDOM TEST_2030: [OK].
RANDOM TEST_2031: [OK].
RANDOM TEST_2032: [OK].
RANDOM TEST_2033: [OK].
RANDOM TEST_2034: [OK].
RANDOM TEST_2035: [OK].
RANDOM TEST_2036: [OK].
RANDOM TEST_2037: [OK].
RANDOM TEST_2038: [OK].
RANDOM TEST_2039: [OK].
RANDOM TEST_2040: [OK].
RANDOM TEST_2041: [OK].
RANDOM TEST_2042: [OK].
RANDOM TEST_2043: [OK].
RANDOM TEST_2044: [OK].
RANDOM TEST_2045: [OK].
RANDOM TEST_2046: [OK].
RANDOM TEST_2047: [OK].
RANDOM TEST_2048: [OK].
RANDOM TEST_2049: [OK].
RANDOM TEST_2050: [OK].
RANDOM TEST_2051: [OK].
RANDOM TEST_2052: [OK].
RANDOM TEST_2053: [OK].
RANDOM TEST_2054: [OK].
RANDOM TEST_2055: [OK].
RANDOM TEST_2056: [OK].
RANDOM TEST_2057: [OK].
RANDOM TEST_2058: [OK].
RANDOM TEST_2059: [OK].
RANDOM TEST_2060: [OK].
RANDOM TEST_2061: [OK].
RANDOM TEST_2062: [OK].
RANDOM TEST_2063: [OK].
RANDOM TEST_2064: [OK].
RANDOM TEST_2065: [OK].
RANDOM TEST_2066: [OK].
RANDOM TEST_2067: [OK].
RANDOM TEST_2068: [OK].
RANDOM TEST_2069: [OK].
RANDOM TEST_2070: [OK].
RANDOM TEST_2071: [OK].
RANDOM TEST_2072: [OK].
RANDOM TEST_2073: [OK].
RANDOM TEST_2074: [OK].
RANDOM TEST_2075: [OK].
RANDOM TEST_2076: [OK].
RANDOM TEST_2077: [OK].
RANDOM TEST_2078: [OK].
RANDOM TEST_2079: [OK].
RANDOM TEST_2080: [OK].
RANDOM TEST_2081: [OK].
RANDOM TEST_2082: [OK].
RANDOM TEST_2083: [OK].
RANDOM TEST_2084: [OK].
RANDOM TEST_2085: [OK].
RANDOM TEST_2086: [OK].
RANDOM TEST_2087: [OK].
RANDOM TEST_2088: [OK].
RANDOM TEST_2089: [OK].
RANDOM TEST_2090: [OK].
RANDOM TEST_2091: [OK].
RANDOM TEST_2092: [OK].
RANDOM TEST_2093: [OK].
RANDOM TEST_2094: [OK].
RANDOM TEST_2095: [OK].
RANDOM TEST_2096: [OK].
RANDOM TEST_2097: [OK].
RANDOM TEST_2098: [OK].
RANDOM TEST_2099: [OK].
RANDOM TEST_2100: [OK].
RANDOM TEST_2101: [OK].
RANDOM TEST_2102: [OK].
RANDOM TEST_2103: [OK].
RANDOM TEST_2104: [OK].
RANDOM TEST_2105: [OK].
RANDOM TEST_2106: [OK].
RANDOM TEST_2107: [OK].
RANDOM TEST_2108: [OK].
RANDOM TEST_2109: [OK].
RANDOM TEST_2110: [OK].
RANDOM TEST_2111: [OK].
RANDOM TEST_2112: [OK].
RANDOM TEST_2113: [OK].
RANDOM TEST_2114: [OK].
RANDOM TEST_2115: [OK].
RANDOM TEST_2116: [OK].
RANDOM TEST_2117: [OK].
RANDOM TEST_2118: [OK].
RANDOM TEST_2119: [OK].
RANDOM TEST_2120: [OK].
RANDOM TEST_2121: [OK].
RANDOM TEST_2122: [OK].
RANDOM TEST_2123: [OK].
RANDOM TEST_2124: [OK].
RANDOM TEST_2125: [OK].
RANDOM TEST_2126: [OK].
RANDOM TEST_2127: [OK].
RANDOM TEST_2128: [OK].
RANDOM TEST_2129: [OK].
RANDOM TEST_2130: [OK].
RANDOM TEST_2131: [OK].
RANDOM TEST_2132: [OK].
RANDOM TEST_2133: [OK].
RANDOM TEST_2134: [OK].
RANDOM TEST_2135: [OK].
RANDOM TEST_2136: [OK].
RANDOM TEST_2137: [OK].
RANDOM TEST_2138: [OK].
RANDOM TEST_2139: [OK].
RANDOM TEST_2140: [OK].
RANDOM TEST_2141: [OK].
RANDOM TEST_2142: [OK].
RANDOM TEST_2143: [OK].
RANDOM TEST_2144: [OK].
RANDOM TEST_2145: [OK].
RANDOM TEST_2146: [OK].
RANDOM TEST_2147: [OK].
RANDOM TEST_2148: [OK].
RANDOM TEST_2149: [OK].
RANDOM TEST_2150: [OK].
RANDOM TEST_2151: [OK].
RANDOM TEST_2152: [OK].
RANDOM TEST_2153: [OK].
RANDOM TEST_2154: [OK].
RANDOM TEST_2155: [OK].
RANDOM TEST_2156: [OK].
RANDOM TEST_2157: [OK].
RANDOM TEST_2158: [OK].
RANDOM TEST_2159: [OK].
RANDOM TEST_2160: [OK].
RANDOM TEST_2161: [OK].
RANDOM TEST_2162: [OK].
RANDOM TEST_2163: [OK].
RANDOM TEST_2164: [OK].
RANDOM TEST_2165: [OK].
RANDOM TEST_2166: [OK].
RANDOM TEST_2167: [OK].
RANDOM TEST_2168: [OK].
RANDOM TEST_2169: [OK].
RANDOM TEST_2170: [OK].
RANDOM TEST_2171: [OK].
RANDOM TEST_2172: [OK].
RANDOM TEST_2173: [OK].
RANDOM TEST_2174: [OK].
RANDOM TEST_2175: [OK].
RANDOM TEST_2176: [OK].
RANDOM TEST_2177: [OK].
RANDOM TEST_2178: [OK].
RANDOM TEST_2179: [OK].
RANDOM TEST_2180: [OK].
RANDOM TEST_2181: [OK].
RANDOM TEST_2182: [OK].
RANDOM TEST_2183: [OK].
RANDOM TEST_2184: [OK].
RANDOM TEST_2185: [OK].
RANDOM TEST_2186: [OK].
RANDOM TEST_2187: [OK].
RANDOM TEST_2188: [OK].
RANDOM TEST_2189: [OK].
RANDOM TEST_2190: [OK].
RANDOM TEST_2191: [OK].
RANDOM TEST_2192: [OK].
RANDOM TEST_2193: [OK].
RANDOM TEST_2194: [OK].
RANDOM TEST_2195: [OK].
RANDOM TEST_2196: [OK].
RANDOM TEST_2197: [OK].
RANDOM TEST_2198: [OK].
RANDOM TEST_2199: [OK].
RANDOM TEST_2200: [OK].
RANDOM TEST_2201: [OK].
RANDOM TEST_2202: [OK].
RANDOM TEST_2203: [OK].
RANDOM TEST_2204: [OK].
RANDOM TEST_2205: [OK].
RANDOM TEST_2206: [OK].
RANDOM TEST_2207: [OK].
RANDOM TEST_2208: [OK].
RANDOM TEST_2209: [OK].
RANDOM TEST_2210: [OK].
RANDOM TEST_2211: [OK].
RANDOM TEST_2212: [OK].
RANDOM TEST_2213: [OK].
RANDOM TEST_2214: [OK].
RANDOM TEST_2215: [OK].
RANDOM TEST_2216: [OK].
RANDOM TEST_2217: [OK].
RANDOM TEST_2218: [OK].
RANDOM TEST_2219: [OK].
RANDOM TEST_2220: [OK].
RANDOM TEST_2221: [OK].
RANDOM TEST_2222: [OK].
RANDOM TEST_2223: [OK].
RANDOM TEST_2224: [OK].
RANDOM TEST_2225: [OK].
RANDOM TEST_2226: [OK].
RANDOM TEST_2227: [OK].
RANDOM TEST_2228: [OK].
RANDOM TEST_2229: [OK].
RANDOM TEST_2230: [OK].
RANDOM TEST_2231: [OK].
RANDOM TEST_2232: [OK].
RANDOM TEST_2233: [OK].
RANDOM TEST_2234: [OK].
RANDOM TEST_2235: [OK].
RANDOM TEST_2236: [OK].
RANDOM TEST_2237: [OK].
RANDOM TEST_2238: [OK].
RANDOM TEST_2239: [OK].
RANDOM TEST_2240: [OK].
RANDOM TEST_2241: [OK].
RANDOM TEST_2242: [OK].
RANDOM TEST_2243: [OK].
RANDOM TEST_2244: [OK].
RANDOM TEST_2245: [OK].
RANDOM TEST_2246: [OK].
RANDOM TEST_2247: [OK].
RANDOM TEST_2248: [OK].
RANDOM TEST_2249: [OK].
RANDOM TEST_2250: [OK].
RANDOM TEST_2251: [OK].
RANDOM TEST_2252: [OK].
RANDOM TEST_2253: [OK].
RANDOM TEST_2254: [OK].
RANDOM TEST_2255: [OK].
RANDOM TEST_2256: [OK].
RANDOM TEST_2257: [OK].
RANDOM TEST_2258: [OK].
RANDOM TEST_2259: [OK].
RANDOM TEST_2260: [OK].
RANDOM TEST_2261: [OK].
RANDOM TEST_2262: [OK].
RANDOM TEST_2263: [OK].
RANDOM TEST_2264: [OK].
RANDOM TEST_2265: [OK].
RANDOM TEST_2266: [OK].
RANDOM TEST_2267: [OK].
RANDOM TEST_2268: [OK].
RANDOM TEST_2269: [OK].
RANDOM TEST_2270: [OK].
RANDOM TEST_2271: [OK].
RANDOM TEST_2272: [OK].
RANDOM TEST_2273: [OK].
RANDOM TEST_2274: [OK].
RANDOM TEST_2275: [OK].
RANDOM TEST_2276: [OK].
RANDOM TEST_2277: [OK].
RANDOM TEST_2278: [OK].
RANDOM TEST_2279: [OK].
RANDOM TEST_2280: [OK].
RANDOM TEST_2281: [OK].
RANDOM TEST_2282: [OK].
RANDOM TEST_2283: [OK].
RANDOM TEST_2284: [OK].
RANDOM TEST_2285: [OK].
RANDOM TEST_2286: [OK].
RANDOM TEST_2287: [OK].
RANDOM TEST_2288: [OK].
RANDOM TEST_2289: [OK].
RANDOM TEST_2290: [OK].
RANDOM TEST_2291: [OK].
RANDOM TEST_2292: [OK].
RANDOM TEST_2293: [OK].
RANDOM TEST_2294: [OK].
RANDOM TEST_2295: [OK].
RANDOM TEST_2296: [OK].
RANDOM TEST_2297: [OK].
RANDOM TEST_2298: [OK].
RANDOM TEST_2299: [OK].
RANDOM TEST_2300: [OK].
RANDOM TEST_2301: [OK].
RANDOM TEST_2302: [OK].
RANDOM TEST_2303: [OK].
RANDOM TEST_2304: [OK].
RANDOM TEST_2305: [OK].
RANDOM TEST_2306: [OK].
RANDOM TEST_2307: [OK].
RANDOM TEST_2308: [OK].
RANDOM TEST_2309: [OK].
RANDOM TEST_2310: [OK].
RANDOM TEST_2311: [OK].
RANDOM TEST_2312: [OK].
RANDOM TEST_2313: [OK].
RANDOM TEST_2314: [OK].
RANDOM TEST_2315: [OK].
RANDOM TEST_2316: [OK].
RANDOM TEST_2317: [OK].
RANDOM TEST_2318: [OK].
RANDOM TEST_2319: [OK].
RANDOM TEST_2320: [OK].
RANDOM TEST_2321: [OK].
RANDOM TEST_2322: [OK].
RANDOM TEST_2323: [OK].
RANDOM TEST_2324: [OK].
RANDOM TEST_2325: [OK].
RANDOM TEST_2326: [OK].
RANDOM TEST_2327: [OK].
RANDOM TEST_2328: [OK].
RANDOM TEST_2329: [OK].
RANDOM TEST_2330: [OK].
RANDOM TEST_2331: [OK].
RANDOM TEST_2332: [OK].
RANDOM TEST_2333: [OK].
RANDOM TEST_2334: [OK].
RANDOM TEST_2335: [OK].
RANDOM TEST_2336: [OK].
RANDOM TEST_2337: [OK].
RANDOM TEST_2338: [OK].
RANDOM TEST_2339: [OK].
RANDOM TEST_2340: [OK].
RANDOM TEST_2341: [OK].
RANDOM TEST_2342: [OK].
RANDOM TEST_2343: [OK].
RANDOM TEST_2344: [OK].
RANDOM TEST_2345: [OK].
RANDOM TEST_2346: [OK].
RANDOM TEST_2347: [OK].
RANDOM TEST_2348: [OK].
RANDOM TEST_2349: [OK].
RANDOM TEST_2350: [OK].
RANDOM TEST_2351: [OK].
RANDOM TEST_2352: [OK].
RANDOM TEST_2353: [OK].
RANDOM TEST_2354: [OK].
RANDOM TEST_2355: [OK].
RANDOM TEST_2356: [OK].
RANDOM TEST_2357: [OK].
RANDOM TEST_2358: [OK].
RANDOM TEST_2359: [OK].
RANDOM TEST_2360: [OK].
RANDOM TEST_2361: [OK].
RANDOM TEST_2362: [OK].
RANDOM TEST_2363: [OK].
RANDOM TEST_2364: [OK].
RANDOM TEST_2365: [OK].
RANDOM TEST_2366: [OK].
RANDOM TEST_2367: [OK].
RANDOM TEST_2368: [OK].
RANDOM TEST_2369: [OK].
RANDOM TEST_2370: [OK].
RANDOM TEST_2371: [OK].
RANDOM TEST_2372: [OK].
RANDOM TEST_2373: [OK].
RANDOM TEST_2374: [OK].
RANDOM TEST_2375: [OK].
RANDOM TEST_2376: [OK].
RANDOM TEST_2377: [OK].
RANDOM TEST_2378: [OK].
RANDOM TEST_2379: [OK].
RANDOM TEST_2380: [OK].
RANDOM TEST_2381: [OK].
RANDOM TEST_2382: [OK].
RANDOM TEST_2383: [OK].
RANDOM TEST_2384: [OK].
RANDOM TEST_2385: [OK].
RANDOM TEST_2386: [OK].
RANDOM TEST_2387: [OK].
RANDOM TEST_2388: [OK].
RANDOM TEST_2389: [OK].
RANDOM TEST_2390: [OK].
RANDOM TEST_2391: [OK].
RANDOM TEST_2392: [OK].
RANDOM TEST_2393: [OK].
RANDOM TEST_2394: [OK].
RANDOM TEST_2395: [OK].
RANDOM TEST_2396: [OK].
RANDOM TEST_2397: [OK].
RANDOM TEST_2398: [OK].
RANDOM TEST_2399: [OK].
RANDOM TEST_2400: [OK].
RANDOM TEST_2401: [OK].
RANDOM TEST_2402: [OK].
RANDOM TEST_2403: [OK].
RANDOM TEST_2404: [OK].
RANDOM TEST_2405: [OK].
RANDOM TEST_2406: [OK].
RANDOM TEST_2407: [OK].
RANDOM TEST_2408: [OK].
RANDOM TEST_2409: [OK].
RANDOM TEST_2410: [OK].
RANDOM TEST_2411: [OK].
RANDOM TEST_2412: [OK].
RANDOM TEST_2413: [OK].
RANDOM TEST_2414: [OK].
RANDOM TEST_2415: [OK].
RANDOM TEST_2416: [OK].
RANDOM TEST_2417: [OK].
RANDOM TEST_2418: [OK].
RANDOM TEST_2419: [OK].
RANDOM TEST_2420: [OK].
RANDOM TEST_2421: [OK].
RANDOM TEST_2422: [OK].
RANDOM TEST_2423: [OK].
RANDOM TEST_2424: [OK].
RANDOM TEST_2425: [OK].
RANDOM TEST_2426: [OK].
RANDOM TEST_2427: [OK].
RANDOM TEST_2428: [OK].
RANDOM TEST_2429: [OK].
RANDOM TEST_2430: [OK].
RANDOM TEST_2431: [OK].
RANDOM TEST_2432: [OK].
RANDOM TEST_2433: [OK].
RANDOM TEST_2434: [OK].
RANDOM TEST_2435: [OK].
RANDOM TEST_2436: [OK].
RANDOM TEST_2437: [OK].
RANDOM TEST_2438: [OK].
RANDOM TEST_2439: [OK].
RANDOM TEST_2440: [OK].
RANDOM TEST_2441: [OK].
RANDOM TEST_2442: [OK].
RANDOM TEST_2443: [OK].
RANDOM TEST_2444: [OK].
RANDOM TEST_2445: [OK].
RANDOM TEST_2446: [OK].
RANDOM TEST_2447: [OK].
RANDOM TEST_2448: [OK].
RANDOM TEST_2449: [OK].
RANDOM TEST_2450: [OK].
RANDOM TEST_2451: [OK].
RANDOM TEST_2452: [OK].
RANDOM TEST_2453: [OK].
RANDOM TEST_2454: [OK].
RANDOM TEST_2455: [OK].
RANDOM TEST_2456: [OK].
RANDOM TEST_2457: [OK].
RANDOM TEST_2458: [OK].
RANDOM TEST_2459: [OK].
RANDOM TEST_2460: [OK].
RANDOM TEST_2461: [OK].
RANDOM TEST_2462: [OK].
RANDOM TEST_2463: [OK].
RANDOM TEST_2464: [OK].
RANDOM TEST_2465: [OK].
RANDOM TEST_2466: [OK].
RANDOM TEST_2467: [OK].
RANDOM TEST_2468: [OK].
RANDOM TEST_2469: [OK].
RANDOM TEST_2470: [OK].
RANDOM TEST_2471: [OK].
RANDOM TEST_2472: [OK].
RANDOM TEST_2473: [OK].
RANDOM TEST_2474: [OK].
RANDOM TEST_2475: [OK].
RANDOM TEST_2476: [OK].
RANDOM TEST_2477: [OK].
RANDOM TEST_2478: [OK].
RANDOM TEST_2479: [OK].
RANDOM TEST_2480: [OK].
RANDOM TEST_2481: [OK].
RANDOM TEST_2482: [OK].
RANDOM TEST_2483: [OK].
RANDOM TEST_2484: [OK].
RANDOM TEST_2485: [OK].
RANDOM TEST_2486: [OK].
RANDOM TEST_2487: [OK].
RANDOM TEST_2488: [OK].
RANDOM TEST_2489: [OK].
RANDOM TEST_2490: [OK].
RANDOM TEST_2491: [OK].
RANDOM TEST_2492: [OK].
RANDOM TEST_2493: [OK].
RANDOM TEST_2494: [OK].
RANDOM TEST_2495: [OK].
RANDOM TEST_2496: [OK].
RANDOM TEST_2497: [OK].
RANDOM TEST_2498: [OK].
RANDOM TEST_2499: [OK].
RANDOM TEST_2500: [OK].
RANDOM TEST_2501: [OK].
RANDOM TEST_2502: [OK].
RANDOM TEST_2503: [OK].
RANDOM TEST_2504: [OK].
RANDOM TEST_2505: [OK].
RANDOM TEST_2506: [OK].
RANDOM TEST_2507: [OK].
RANDOM TEST_2508: [OK].
RANDOM TEST_2509: [OK].
RANDOM TEST_2510: [OK].
RANDOM TEST_2511: [OK].
RANDOM TEST_2512: [OK].
RANDOM TEST_2513: [OK].
RANDOM TEST_2514: [OK].
RANDOM TEST_2515: [OK].
RANDOM TEST_2516: [OK].
RANDOM TEST_2517: [OK].
RANDOM TEST_2518: [OK].
RANDOM TEST_2519: [OK].
RANDOM TEST_2520: [OK].
RANDOM TEST_2521: [OK].
RANDOM TEST_2522: [OK].
RANDOM TEST_2523: [OK].
RANDOM TEST_2524: [OK].
RANDOM TEST_2525: [OK].
RANDOM TEST_2526: [OK].
RANDOM TEST_2527: [OK].
RANDOM TEST_2528: [OK].
RANDOM TEST_2529: [OK].
RANDOM TEST_2530: [OK].
RANDOM TEST_2531: [OK].
RANDOM TEST_2532: [OK].
RANDOM TEST_2533: [OK].
RANDOM TEST_2534: [OK].
RANDOM TEST_2535: [OK].
RANDOM TEST_2536: [OK].
RANDOM TEST_2537: [OK].
RANDOM TEST_2538: [OK].
RANDOM TEST_2539: [OK].
RANDOM TEST_2540: [OK].
RANDOM TEST_2541: [OK].
RANDOM TEST_2542: [OK].
RANDOM TEST_2543: [OK].
RANDOM TEST_2544: [OK].
RANDOM TEST_2545: [OK].
RANDOM TEST_2546: [OK].
RANDOM TEST_2547: [OK].
RANDOM TEST_2548: [OK].
RANDOM TEST_2549: [OK].
RANDOM TEST_2550: [OK].
RANDOM TEST_2551: [OK].
RANDOM TEST_2552: [OK].
RANDOM TEST_2553: [OK].
RANDOM TEST_2554: [OK].
RANDOM TEST_2555: [OK].
RANDOM TEST_2556: [OK].
RANDOM TEST_2557: [OK].
RANDOM TEST_2558: [OK].
RANDOM TEST_2559: [OK].
RANDOM TEST_2560: [OK].
RANDOM TEST_2561: [OK].
RANDOM TEST_2562: [OK].
RANDOM TEST_2563: [OK].
RANDOM TEST_2564: [OK].
RANDOM TEST_2565: [OK].
RANDOM TEST_2566: [OK].
RANDOM TEST_2567: [OK].
RANDOM TEST_2568: [OK].
RANDOM TEST_2569: [OK].
RANDOM TEST_2570: [OK].
RANDOM TEST_2571: [OK].
RANDOM TEST_2572: [OK].
RANDOM TEST_2573: [OK].
RANDOM TEST_2574: [OK].
RANDOM TEST_2575: [OK].
RANDOM TEST_2576: [OK].
RANDOM TEST_2577: [OK].
RANDOM TEST_2578: [OK].
RANDOM TEST_2579: [OK].
RANDOM TEST_2580: [OK].
RANDOM TEST_2581: [OK].
RANDOM TEST_2582: [OK].
RANDOM TEST_2583: [OK].
RANDOM TEST_2584: [OK].
RANDOM TEST_2585: [OK].
RANDOM TEST_2586: [OK].
RANDOM TEST_2587: [OK].
RANDOM TEST_2588: [OK].
RANDOM TEST_2589: [OK].
RANDOM TEST_2590: [OK].
RANDOM TEST_2591: [OK].
RANDOM TEST_2592: [OK].
RANDOM TEST_2593: [OK].
RANDOM TEST_2594: [OK].
RANDOM TEST_2595: [OK].
RANDOM TEST_2596: [OK].
RANDOM TEST_2597: [OK].
RANDOM TEST_2598: [OK].
RANDOM TEST_2599: [OK].
RANDOM TEST_2600: [OK].
RANDOM TEST_2601: [OK].
RANDOM TEST_2602: [OK].
RANDOM TEST_2603: [OK].
RANDOM TEST_2604: [OK].
RANDOM TEST_2605: [OK].
RANDOM TEST_2606: [OK].
RANDOM TEST_2607: [OK].
RANDOM TEST_2608: [OK].
RANDOM TEST_2609: [OK].
RANDOM TEST_2610: [OK].
RANDOM TEST_2611: [OK].
RANDOM TEST_2612: [OK].
RANDOM TEST_2613: [OK].
RANDOM TEST_2614: [OK].
RANDOM TEST_2615: [OK].
RANDOM TEST_2616: [OK].
RANDOM TEST_2617: [OK].
RANDOM TEST_2618: [OK].
RANDOM TEST_2619: [OK].
RANDOM TEST_2620: [OK].
RANDOM TEST_2621: [OK].
RANDOM TEST_2622: [OK].
RANDOM TEST_2623: [OK].
RANDOM TEST_2624: [OK].
RANDOM TEST_2625: [OK].
RANDOM TEST_2626: [OK].
RANDOM TEST_2627: [OK].
RANDOM TEST_2628: [OK].
RANDOM TEST_2629: [OK].
RANDOM TEST_2630: [OK].
RANDOM TEST_2631: [OK].
RANDOM TEST_2632: [OK].
RANDOM TEST_2633: [OK].
RANDOM TEST_2634: [OK].
RANDOM TEST_2635: [OK].
RANDOM TEST_2636: [OK].
RANDOM TEST_2637: [OK].
RANDOM TEST_2638: [OK].
RANDOM TEST_2639: [OK].
RANDOM TEST_2640: [OK].
RANDOM TEST_2641: [OK].
RANDOM TEST_2642: [OK].
RANDOM TEST_2643: [OK].
RANDOM TEST_2644: [OK].
RANDOM TEST_2645: [OK].
RANDOM TEST_2646: [OK].
RANDOM TEST_2647: [OK].
RANDOM TEST_2648: [OK].
RANDOM TEST_2649: [OK].
RANDOM TEST_2650: [OK].
RANDOM TEST_2651: [OK].
RANDOM TEST_2652: [OK].
RANDOM TEST_2653: [OK].
RANDOM TEST_2654: [OK].
RANDOM TEST_2655: [OK].
RANDOM TEST_2656: [OK].
RANDOM TEST_2657: [OK].
RANDOM TEST_2658: [OK].
RANDOM TEST_2659: [OK].
RANDOM TEST_2660: [OK].
RANDOM TEST_2661: [OK].
RANDOM TEST_2662: [OK].
RANDOM TEST_2663: [OK].
RANDOM TEST_2664: [OK].
RANDOM TEST_2665: [OK].
RANDOM TEST_2666: [OK].
RANDOM TEST_2667: [OK].
RANDOM TEST_2668: [OK].
RANDOM TEST_2669: [OK].
RANDOM TEST_2670: [OK].
RANDOM TEST_2671: [OK].
RANDOM TEST_2672: [OK].
RANDOM TEST_2673: [OK].
RANDOM TEST_2674: [OK].
RANDOM TEST_2675: [OK].
RANDOM TEST_2676: [OK].
RANDOM TEST_2677: [OK].
RANDOM TEST_2678: [OK].
RANDOM TEST_2679: [OK].
RANDOM TEST_2680: [OK].
RANDOM TEST_2681: [OK].
RANDOM TEST_2682: [OK].
RANDOM TEST_2683: [OK].
RANDOM TEST_2684: [OK].
RANDOM TEST_2685: [OK].
RANDOM TEST_2686: [OK].
RANDOM TEST_2687: [OK].
RANDOM TEST_2688: [OK].
RANDOM TEST_2689: [OK].
RANDOM TEST_2690: [OK].
RANDOM TEST_2691: [OK].
RANDOM TEST_2692: [OK].
RANDOM TEST_2693: [OK].
RANDOM TEST_2694: [OK].
RANDOM TEST_2695: [OK].
RANDOM TEST_2696: [OK].
RANDOM TEST_2697: [OK].
RANDOM TEST_2698: [OK].
RANDOM TEST_2699: [OK].
RANDOM TEST_2700: [OK].
RANDOM TEST_2701: [OK].
RANDOM TEST_2702: [OK].
RANDOM TEST_2703: [OK].
RANDOM TEST_2704: [OK].
RANDOM TEST_2705: [OK].
RANDOM TEST_2706: [OK].
RANDOM TEST_2707: [OK].
RANDOM TEST_2708: [OK].
RANDOM TEST_2709: [OK].
RANDOM TEST_2710: [OK].
RANDOM TEST_2711: [OK].
RANDOM TEST_2712: [OK].
RANDOM TEST_2713: [OK].
RANDOM TEST_2714: [OK].
RANDOM TEST_2715: [OK].
RANDOM TEST_2716: [OK].
RANDOM TEST_2717: [OK].
RANDOM TEST_2718: [OK].
RANDOM TEST_2719: [OK].
RANDOM TEST_2720: [OK].
RANDOM TEST_2721: [OK].
RANDOM TEST_2722: [OK].
RANDOM TEST_2723: [OK].
RANDOM TEST_2724: [OK].
RANDOM TEST_2725: [OK].
RANDOM TEST_2726: [OK].
RANDOM TEST_2727: [OK].
RANDOM TEST_2728: [OK].
RANDOM TEST_2729: [OK].
RANDOM TEST_2730: [OK].
RANDOM TEST_2731: [OK].
RANDOM TEST_2732: [OK].
RANDOM TEST_2733: [OK].
RANDOM TEST_2734: [OK].
RANDOM TEST_2735: [OK].
RANDOM TEST_2736: [OK].
RANDOM TEST_2737: [OK].
RANDOM TEST_2738: [OK].
RANDOM TEST_2739: [OK].
RANDOM TEST_2740: [OK].
RANDOM TEST_2741: [OK].
RANDOM TEST_2742: [OK].
RANDOM TEST_2743: [OK].
RANDOM TEST_2744: [OK].
RANDOM TEST_2745: [OK].
RANDOM TEST_2746: [OK].
RANDOM TEST_2747: [OK].
RANDOM TEST_2748: [OK].
RANDOM TEST_2749: [OK].
RANDOM TEST_2750: [OK].
RANDOM TEST_2751: [OK].
RANDOM TEST_2752: [OK].
RANDOM TEST_2753: [OK].
RANDOM TEST_2754: [OK].
RANDOM TEST_2755: [OK].
RANDOM TEST_2756: [OK].
RANDOM TEST_2757: [OK].
RANDOM TEST_2758: [OK].
RANDOM TEST_2759: [OK].
RANDOM TEST_2760: [OK].
RANDOM TEST_2761: [OK].
RANDOM TEST_2762: [OK].
RANDOM TEST_2763: [OK].
RANDOM TEST_2764: [OK].
RANDOM TEST_2765: [OK].
RANDOM TEST_2766: [OK].
RANDOM TEST_2767: [OK].
RANDOM TEST_2768: [OK].
RANDOM TEST_2769: [OK].
RANDOM TEST_2770: [OK].
RANDOM TEST_2771: [OK].
RANDOM TEST_2772: [OK].
RANDOM TEST_2773: [OK].
RANDOM TEST_2774: [OK].
RANDOM TEST_2775: [OK].
RANDOM TEST_2776: [OK].
RANDOM TEST_2777: [OK].
RANDOM TEST_2778: [OK].
RANDOM TEST_2779: [OK].
RANDOM TEST_2780: [OK].
RANDOM TEST_2781: [OK].
RANDOM TEST_2782: [OK].
RANDOM TEST_2783: [OK].
RANDOM TEST_2784: [OK].
RANDOM TEST_2785: [OK].
RANDOM TEST_2786: [OK].
RANDOM TEST_2787: [OK].
RANDOM TEST_2788: [OK].
RANDOM TEST_2789: [OK].
RANDOM TEST_2790: [OK].
RANDOM TEST_2791: [OK].
RANDOM TEST_2792: [OK].
RANDOM TEST_2793: [OK].
RANDOM TEST_2794: [OK].
RANDOM TEST_2795: [OK].
RANDOM TEST_2796: [OK].
RANDOM TEST_2797: [OK].
RANDOM TEST_2798: [OK].
RANDOM TEST_2799: [OK].
RANDOM TEST_2800: [OK].
RANDOM TEST_2801: [OK].
RANDOM TEST_2802: [OK].
RANDOM TEST_2803: [OK].
RANDOM TEST_2804: [OK].
RANDOM TEST_2805: [OK].
RANDOM TEST_2806: [OK].
RANDOM TEST_2807: [OK].
RANDOM TEST_2808: [OK].
RANDOM TEST_2809: [OK].
RANDOM TEST_2810: [OK].
RANDOM TEST_2811: [OK].
RANDOM TEST_2812: [OK].
RANDOM TEST_2813: [OK].
RANDOM TEST_2814: [OK].
RANDOM TEST_2815: [OK].
RANDOM TEST_2816: [OK].
RANDOM TEST_2817: [OK].
RANDOM TEST_2818: [OK].
RANDOM TEST_2819: [OK].
RANDOM TEST_2820: [OK].
RANDOM TEST_2821: [OK].
RANDOM TEST_2822: [OK].
RANDOM TEST_2823: [OK].
RANDOM TEST_2824: [OK].
RANDOM TEST_2825: [OK].
RANDOM TEST_2826: [OK].
RANDOM TEST_2827: [OK].
RANDOM TEST_2828: [OK].
RANDOM TEST_2829: [OK].
RANDOM TEST_2830: [OK].
RANDOM TEST_2831: [OK].
RANDOM TEST_2832: [OK].
RANDOM TEST_2833: [OK].
RANDOM TEST_2834: [OK].
RANDOM TEST_2835: [OK].
RANDOM TEST_2836: [OK].
RANDOM TEST_2837: [OK].
RANDOM TEST_2838: [OK].
RANDOM TEST_2839: [OK].
RANDOM TEST_2840: [OK].
RANDOM TEST_2841: [OK].
RANDOM TEST_2842: [OK].
RANDOM TEST_2843: [OK].
RANDOM TEST_2844: [OK].
RANDOM TEST_2845: [OK].
RANDOM TEST_2846: [OK].
RANDOM TEST_2847: [OK].
RANDOM TEST_2848: [OK].
RANDOM TEST_2849: [OK].
RANDOM TEST_2850: [OK].
RANDOM TEST_2851: [OK].
RANDOM TEST_2852: [OK].
RANDOM TEST_2853: [OK].
RANDOM TEST_2854: [OK].
RANDOM TEST_2855: [OK].
RANDOM TEST_2856: [OK].
RANDOM TEST_2857: [OK].
RANDOM TEST_2858: [OK].
RANDOM TEST_2859: [OK].
RANDOM TEST_2860: [OK].
RANDOM TEST_2861: [OK].
RANDOM TEST_2862: [OK].
RANDOM TEST_2863: [OK].
RANDOM TEST_2864: [OK].
RANDOM TEST_2865: [OK].
RANDOM TEST_2866: [OK].
RANDOM TEST_2867: [OK].
RANDOM TEST_2868: [OK].
RANDOM TEST_2869: [OK].
RANDOM TEST_2870: [OK].
RANDOM TEST_2871: [OK].
RANDOM TEST_2872: [OK].
RANDOM TEST_2873: [OK].
RANDOM TEST_2874: [OK].
RANDOM TEST_2875: [OK].
RANDOM TEST_2876: [OK].
RANDOM TEST_2877: [OK].
RANDOM TEST_2878: [OK].
RANDOM TEST_2879: [OK].
RANDOM TEST_2880: [OK].
RANDOM TEST_2881: [OK].
RANDOM TEST_2882: [OK].
RANDOM TEST_2883: [OK].
RANDOM TEST_2884: [OK].
RANDOM TEST_2885: [OK].
RANDOM TEST_2886: [OK].
RANDOM TEST_2887: [OK].
RANDOM TEST_2888: [OK].
RANDOM TEST_2889: [OK].
RANDOM TEST_2890: [OK].
RANDOM TEST_2891: [OK].
RANDOM TEST_2892: [OK].
RANDOM TEST_2893: [OK].
RANDOM TEST_2894: [OK].
RANDOM TEST_2895: [OK].
RANDOM TEST_2896: [OK].
RANDOM TEST_2897: [OK].
RANDOM TEST_2898: [OK].
RANDOM TEST_2899: [OK].
RANDOM TEST_2900: [OK].
RANDOM TEST_2901: [OK].
RANDOM TEST_2902: [OK].
RANDOM TEST_2903: [OK].
RANDOM TEST_2904: [OK].
RANDOM TEST_2905: [OK].
RANDOM TEST_2906: [OK].
RANDOM TEST_2907: [OK].
RANDOM TEST_2908: [OK].
RANDOM TEST_2909: [OK].
RANDOM TEST_2910: [OK].
RANDOM TEST_2911: [OK].
RANDOM TEST_2912: [OK].
RANDOM TEST_2913: [OK].
RANDOM TEST_2914: [OK].
RANDOM TEST_2915: [OK].
RANDOM TEST_2916: [OK].
RANDOM TEST_2917: [OK].
RANDOM TEST_2918: [OK].
RANDOM TEST_2919: [OK].
RANDOM TEST_2920: [OK].
RANDOM TEST_2921: [OK].
RANDOM TEST_2922: [OK].
RANDOM TEST_2923: [OK].
RANDOM TEST_2924: [OK].
RANDOM TEST_2925: [OK].
RANDOM TEST_2926: [OK].
RANDOM TEST_2927: [OK].
RANDOM TEST_2928: [OK].
RANDOM TEST_2929: [OK].
RANDOM TEST_2930: [OK].
RANDOM TEST_2931: [OK].
RANDOM TEST_2932: [OK].
RANDOM TEST_2933: [OK].
RANDOM TEST_2934: [OK].
RANDOM TEST_2935: [OK].
RANDOM TEST_2936: [OK].
RANDOM TEST_2937: [OK].
RANDOM TEST_2938: [OK].
RANDOM TEST_2939: [OK].
RANDOM TEST_2940: [OK].
RANDOM TEST_2941: [OK].
RANDOM TEST_2942: [OK].
RANDOM TEST_2943: [OK].
RANDOM TEST_2944: [OK].
RANDOM TEST_2945: [OK].
RANDOM TEST_2946: [OK].
RANDOM TEST_2947: [OK].
RANDOM TEST_2948: [OK].
RANDOM TEST_2949: [OK].
RANDOM TEST_2950: [OK].
RANDOM TEST_2951: [OK].
RANDOM TEST_2952: [OK].
RANDOM TEST_2953: [OK].
RANDOM TEST_2954: [OK].
RANDOM TEST_2955: [OK].
RANDOM TEST_2956: [OK].
RANDOM TEST_2957: [OK].
RANDOM TEST_2958: [OK].
RANDOM TEST_2959: [OK].
RANDOM TEST_2960: [OK].
RANDOM TEST_2961: [OK].
RANDOM TEST_2962: [OK].
RANDOM TEST_2963: [OK].
RANDOM TEST_2964: [OK].
RANDOM TEST_2965: [OK].
RANDOM TEST_2966: [OK].
RANDOM TEST_2967: [OK].
RANDOM TEST_2968: [OK].
RANDOM TEST_2969: [OK].
RANDOM TEST_2970: [OK].
RANDOM TEST_2971: [OK].
RANDOM TEST_2972: [OK].
RANDOM TEST_2973: [OK].
[...]
RANDOM TEST_4179: [OK].
RANDOM TEST_4180: [OK].
RANDOM TEST_4181: [OK].
RANDOM TEST_4182: [OK].
RANDOM TEST_4183: [OK].
RANDOM TEST_4184: [OK].
RANDOM TEST_4185: [OK].
RANDOM TEST_4186: [OK].
RANDOM TEST_4187: [OK].
RANDOM TEST_4188: [OK].
RANDOM TEST_4189: [OK].
RANDOM TEST_4190: [OK].
RANDOM TEST_4191: [OK].
RANDOM TEST_4192: [OK].
RANDOM TEST_4193: [OK].
RANDOM TEST_4194: [OK].
RANDOM TEST_4195: [OK].
RANDOM TEST_4196: [OK].
RANDOM TEST_4197: [OK].
RANDOM TEST_4198: [OK].
RANDOM TEST_4199: [OK].
RANDOM TEST_4200: [OK].
RANDOM TEST_4201: [OK].
RANDOM TEST_4202: [OK].
RANDOM TEST_4203: [OK].
RANDOM TEST_4204: [OK].
RANDOM TEST_4205: [OK].
RANDOM TEST_4206: [OK].
RANDOM TEST_4207: [OK].
RANDOM TEST_4208: [OK].
RANDOM TEST_4209: [OK].
RANDOM TEST_4210: [OK].
RANDOM TEST_4211: [OK].
RANDOM TEST_4212: [OK].
RANDOM TEST_4213: [OK].
RANDOM TEST_4214: [OK].
RANDOM TEST_4215: [OK].
RANDOM TEST_4216: [OK].
RANDOM TEST_4217: [OK].
RANDOM TEST_4218: [OK].
RANDOM TEST_4219: [OK].
RANDOM TEST_4220: [OK].
RANDOM TEST_4221: [OK].
RANDOM TEST_4222: [OK].
RANDOM TEST_4223: [OK].
RANDOM TEST_4224: [OK].
RANDOM TEST_4225: [OK].
RANDOM TEST_4226: [OK].
RANDOM TEST_4227: [OK].
RANDOM TEST_4228: [OK].
RANDOM TEST_4229: [OK].
RANDOM TEST_4230: [OK].
RANDOM TEST_4231: [OK].
RANDOM TEST_4232: [OK].
RANDOM TEST_4233: [OK].
RANDOM TEST_4234: [OK].
RANDOM TEST_4235: [OK].
RANDOM TEST_4236: [OK].
RANDOM TEST_4237: [OK].
RANDOM TEST_4238: [OK].
RANDOM TEST_4239: [OK].
RANDOM TEST_4240: [OK].
RANDOM TEST_4241: [OK].
RANDOM TEST_4242: [OK].
RANDOM TEST_4243: [OK].
RANDOM TEST_4244: [OK].
RANDOM TEST_4245: [OK].
RANDOM TEST_4246: [OK].
RANDOM TEST_4247: [OK].
RANDOM TEST_4248: [OK].
RANDOM TEST_4249: [OK].
RANDOM TEST_4250: [OK].
RANDOM TEST_4251: [OK].
RANDOM TEST_4252: [OK].
RANDOM TEST_4253: [OK].
RANDOM TEST_4254: [OK].
RANDOM TEST_4255: [OK].
RANDOM TEST_4256: [OK].
RANDOM TEST_4257: [OK].
RANDOM TEST_4258: [OK].
RANDOM TEST_4259: [OK].
RANDOM TEST_4260: [OK].
RANDOM TEST_4261: [OK].
RANDOM TEST_4262: [OK].
RANDOM TEST_4263: [OK].
RANDOM TEST_4264: [OK].
RANDOM TEST_4265: [OK].
RANDOM TEST_4266: [OK].
RANDOM TEST_4267: [OK].
RANDOM TEST_4268: [OK].
RANDOM TEST_4269: [OK].
RANDOM TEST_4270: [OK].
RANDOM TEST_4271: [OK].
RANDOM TEST_4272: [OK].
RANDOM TEST_4273: [OK].
RANDOM TEST_4274: [OK].
RANDOM TEST_4275: [OK].
RANDOM TEST_4276: [OK].
RANDOM TEST_4277: [OK].
RANDOM TEST_4278: [OK].
RANDOM TEST_4279: [OK].
RANDOM TEST_4280: [OK].
RANDOM TEST_4281: [OK].
RANDOM TEST_4282: [OK].
RANDOM TEST_4283: [OK].
RANDOM TEST_4284: [OK].
RANDOM TEST_4285: [OK].
RANDOM TEST_4286: [OK].
RANDOM TEST_4287: [OK].
RANDOM TEST_4288: [OK].
RANDOM TEST_4289: [OK].
RANDOM TEST_4290: [OK].
RANDOM TEST_4291: [OK].
RANDOM TEST_4292: [OK].
RANDOM TEST_4293: [OK].
RANDOM TEST_4294: [OK].
RANDOM TEST_4295: [OK].
RANDOM TEST_4296: [OK].
RANDOM TEST_4297: [OK].
RANDOM TEST_4298: [OK].
RANDOM TEST_4299: [OK].
RANDOM TEST_4300: [OK].
RANDOM TEST_4301: [OK].
RANDOM TEST_4302: [OK].
RANDOM TEST_4303: [OK].
RANDOM TEST_4304: [OK].
RANDOM TEST_4305: [OK].
RANDOM TEST_4306: [OK].
RANDOM TEST_4307: [OK].
RANDOM TEST_4308: [OK].
RANDOM TEST_4309: [OK].
RANDOM TEST_4310: [OK].
RANDOM TEST_4311: [OK].
RANDOM TEST_4312: [OK].
RANDOM TEST_4313: [OK].
RANDOM TEST_4314: [OK].
RANDOM TEST_4315: [OK].
RANDOM TEST_4316: [OK].
RANDOM TEST_4317: [OK].
RANDOM TEST_4318: [OK].
RANDOM TEST_4319: [OK].
RANDOM TEST_4320: [OK].
RANDOM TEST_4321: [OK].
RANDOM TEST_4322: [OK].
RANDOM TEST_4323: [OK].
RANDOM TEST_4324: [OK].
RANDOM TEST_4325: [OK].
RANDOM TEST_4326: [OK].
RANDOM TEST_4327: [OK].
RANDOM TEST_4328: [OK].
RANDOM TEST_4329: [OK].
RANDOM TEST_4330: [OK].
RANDOM TEST_4331: [OK].
RANDOM TEST_4332: [OK].
RANDOM TEST_4333: [OK].
RANDOM TEST_4334: [OK].
RANDOM TEST_4335: [OK].
RANDOM TEST_4336: [OK].
RANDOM TEST_4337: [OK].
RANDOM TEST_4338: [OK].
RANDOM TEST_4339: [OK].
RANDOM TEST_4340: [OK].
RANDOM TEST_4341: [OK].
RANDOM TEST_4342: [OK].
RANDOM TEST_4343: [OK].
RANDOM TEST_4344: [OK].
RANDOM TEST_4345: [OK].
RANDOM TEST_4346: [OK].
RANDOM TEST_4347: [OK].
RANDOM TEST_4348: [OK].
RANDOM TEST_4349: [OK].
RANDOM TEST_4350: [OK].
RANDOM TEST_4351: [OK].
RANDOM TEST_4352: [OK].
RANDOM TEST_4353: [OK].
RANDOM TEST_4354: [OK].
RANDOM TEST_4355: [OK].
RANDOM TEST_4356: [OK].
RANDOM TEST_4357: [OK].
RANDOM TEST_4358: [OK].
RANDOM TEST_4359: [OK].
RANDOM TEST_4360: [OK].
RANDOM TEST_4361: [OK].
RANDOM TEST_4362: [OK].
RANDOM TEST_4363: [OK].
RANDOM TEST_4364: [OK].
RANDOM TEST_4365: [OK].
RANDOM TEST_4366: [OK].
RANDOM TEST_4367: [OK].
RANDOM TEST_4368: [OK].
RANDOM TEST_4369: [OK].
RANDOM TEST_4370: [OK].
RANDOM TEST_4371: [OK].
RANDOM TEST_4372: [OK].
RANDOM TEST_4373: [OK].
RANDOM TEST_4374: [OK].
RANDOM TEST_4375: [OK].
RANDOM TEST_4376: [OK].
RANDOM TEST_4377: [OK].
RANDOM TEST_4378: [OK].
RANDOM TEST_4379: [OK].
RANDOM TEST_4380: [OK].
RANDOM TEST_4381: [OK].
RANDOM TEST_4382: [OK].
RANDOM TEST_4383: [OK].
RANDOM TEST_4384: [OK].
RANDOM TEST_4385: [OK].
RANDOM TEST_4386: [OK].
RANDOM TEST_4387: [OK].
RANDOM TEST_4388: [OK].
RANDOM TEST_4389: [OK].
RANDOM TEST_4390: [OK].
RANDOM TEST_4391: [OK].
RANDOM TEST_4392: [OK].
RANDOM TEST_4393: [OK].
RANDOM TEST_4394: [OK].
RANDOM TEST_4395: [OK].
RANDOM TEST_4396: [OK].
RANDOM TEST_4397: [OK].
RANDOM TEST_4398: [OK].
RANDOM TEST_4399: [OK].
RANDOM TEST_4400: [OK].
RANDOM TEST_4401: [OK].
RANDOM TEST_4402: [OK].
RANDOM TEST_4403: [OK].
RANDOM TEST_4404: [OK].
RANDOM TEST_4405: [OK].
RANDOM TEST_4406: [OK].
RANDOM TEST_4407: [OK].
RANDOM TEST_4408: [OK].
RANDOM TEST_4409: [OK].
RANDOM TEST_4410: [OK].
RANDOM TEST_4411: [OK].
RANDOM TEST_4412: [OK].
RANDOM TEST_4413: [OK].
RANDOM TEST_4414: [OK].
RANDOM TEST_4415: [OK].
RANDOM TEST_4416: [OK].
RANDOM TEST_4417: [OK].
RANDOM TEST_4418: [OK].
RANDOM TEST_4419: [OK].
RANDOM TEST_4420: [OK].
RANDOM TEST_4421: [OK].
RANDOM TEST_4422: [OK].
RANDOM TEST_4423: [OK].
RANDOM TEST_4424: [OK].
RANDOM TEST_4425: [OK].
RANDOM TEST_4426: [OK].
RANDOM TEST_4427: [OK].
RANDOM TEST_4428: [OK].
RANDOM TEST_4429: [OK].
RANDOM TEST_4430: [OK].
RANDOM TEST_4431: [OK].
RANDOM TEST_4432: [OK].
RANDOM TEST_4433: [OK].
RANDOM TEST_4434: [OK].
RANDOM TEST_4435: [OK].
RANDOM TEST_4436: [OK].
RANDOM TEST_4437: [OK].
RANDOM TEST_4438: [OK].
RANDOM TEST_4439: [OK].
RANDOM TEST_4440: [OK].
RANDOM TEST_4441: [OK].
RANDOM TEST_4442: [OK].
RANDOM TEST_4443: [OK].
RANDOM TEST_4444: [OK].
RANDOM TEST_4445: [OK].
RANDOM TEST_4446: [OK].
RANDOM TEST_4447: [OK].
RANDOM TEST_4448: [OK].
RANDOM TEST_4449: [OK].
RANDOM TEST_4450: [OK].
RANDOM TEST_4451: [OK].
RANDOM TEST_4452: [OK].
RANDOM TEST_4453: [OK].
RANDOM TEST_4454: [OK].
RANDOM TEST_4455: [OK].
RANDOM TEST_4456: [OK].
RANDOM TEST_4457: [OK].
RANDOM TEST_4458: [OK].
RANDOM TEST_4459: [OK].
RANDOM TEST_4460: [OK].
RANDOM TEST_4461: [OK].
RANDOM TEST_4462: [OK].
RANDOM TEST_4463: [OK].
RANDOM TEST_4464: [OK].
RANDOM TEST_4465: [OK].
RANDOM TEST_4466: [OK].
RANDOM TEST_4467: [OK].
RANDOM TEST_4468: [OK].
RANDOM TEST_4469: [OK].
RANDOM TEST_4470: [OK].
RANDOM TEST_4471: [OK].
RANDOM TEST_4472: [OK].
RANDOM TEST_4473: [OK].
RANDOM TEST_4474: [OK].
RANDOM TEST_4475: [OK].
RANDOM TEST_4476: [OK].
RANDOM TEST_4477: [OK].
RANDOM TEST_4478: [OK].
RANDOM TEST_4479: [OK].
RANDOM TEST_4480: [OK].
RANDOM TEST_4481: [OK].
RANDOM TEST_4482: [OK].
RANDOM TEST_4483: [OK].
RANDOM TEST_4484: [OK].
RANDOM TEST_4485: [OK].
RANDOM TEST_4486: [OK].
RANDOM TEST_4487: [OK].
RANDOM TEST_4488: [OK].
RANDOM TEST_4489: [OK].
RANDOM TEST_4490: [OK].
RANDOM TEST_4491: [OK].
RANDOM TEST_4492: [OK].
RANDOM TEST_4493: [OK].
RANDOM TEST_4494: [OK].
RANDOM TEST_4495: [OK].
RANDOM TEST_4496: [OK].
RANDOM TEST_4497: [OK].
RANDOM TEST_4498: [OK].
RANDOM TEST_4499: [OK].
RANDOM TEST_4500: [OK].
RANDOM TEST_4501: [OK].
RANDOM TEST_4502: [OK].
RANDOM TEST_4503: [OK].
RANDOM TEST_4504: [OK].
RANDOM TEST_4505: [OK].
RANDOM TEST_4506: [OK].
RANDOM TEST_4507: [OK].
RANDOM TEST_4508: [OK].
RANDOM TEST_4509: [OK].
RANDOM TEST_4510: [OK].
RANDOM TEST_4511: [OK].
RANDOM TEST_4512: [OK].
RANDOM TEST_4513: [OK].
RANDOM TEST_4514: [OK].
RANDOM TEST_4515: [OK].
RANDOM TEST_4516: [OK].
RANDOM TEST_4517: [OK].
RANDOM TEST_4518: [OK].
RANDOM TEST_4519: [OK].
RANDOM TEST_4520: [OK].
RANDOM TEST_4521: [OK].
RANDOM TEST_4522: [OK].
RANDOM TEST_4523: [OK].
RANDOM TEST_4524: [OK].
RANDOM TEST_4525: [OK].
RANDOM TEST_4526: [OK].
RANDOM TEST_4527: [OK].
RANDOM TEST_4528: [OK].
RANDOM TEST_4529: [OK].
RANDOM TEST_4530: [OK].
RANDOM TEST_4531: [OK].
RANDOM TEST_4532: [OK].
RANDOM TEST_4533: [OK].
RANDOM TEST_4534: [OK].
RANDOM TEST_4535: [OK].
RANDOM TEST_4536: [OK].
RANDOM TEST_4537: [OK].
RANDOM TEST_4538: [OK].
RANDOM TEST_4539: [OK].
RANDOM TEST_4540: [OK].
RANDOM TEST_4541: [OK].
RANDOM TEST_4542: [OK].
RANDOM TEST_4543: [OK].
RANDOM TEST_4544: [OK].
RANDOM TEST_4545: [OK].
RANDOM TEST_4546: [OK].
RANDOM TEST_4547: [OK].
RANDOM TEST_4548: [OK].
RANDOM TEST_4549: [OK].
RANDOM TEST_4550: [OK].
RANDOM TEST_4551: [OK].
RANDOM TEST_4552: [OK].
RANDOM TEST_4553: [OK].
RANDOM TEST_4554: [OK].
RANDOM TEST_4555: [OK].
RANDOM TEST_4556: [OK].
RANDOM TEST_4557: [OK].
RANDOM TEST_4558: [OK].
RANDOM TEST_4559: [OK].
RANDOM TEST_4560: [OK].
RANDOM TEST_4561: [OK].
RANDOM TEST_4562: [OK].
RANDOM TEST_4563: [OK].
RANDOM TEST_4564: [OK].
RANDOM TEST_4565: [OK].
RANDOM TEST_4566: [OK].
RANDOM TEST_4567: [OK].
RANDOM TEST_4568: [OK].
RANDOM TEST_4569: [OK].
RANDOM TEST_4570: [OK].
RANDOM TEST_4571: [OK].
RANDOM TEST_4572: [OK].
RANDOM TEST_4573: [OK].
RANDOM TEST_4574: [OK].
RANDOM TEST_4575: [OK].
RANDOM TEST_4576: [OK].
RANDOM TEST_4577: [OK].
RANDOM TEST_4578: [OK].
RANDOM TEST_4579: [OK].
RANDOM TEST_4580: [OK].
RANDOM TEST_4581: [OK].
RANDOM TEST_4582: [OK].
RANDOM TEST_4583: [OK].
RANDOM TEST_4584: [OK].
RANDOM TEST_4585: [OK].
RANDOM TEST_4586: [OK].
RANDOM TEST_4587: [OK].
RANDOM TEST_4588: [OK].
RANDOM TEST_4589: [OK].
RANDOM TEST_4590: [OK].
RANDOM TEST_4591: [OK].
RANDOM TEST_4592: [OK].
RANDOM TEST_4593: [OK].
RANDOM TEST_4594: [OK].
RANDOM TEST_4595: [OK].
RANDOM TEST_4596: [OK].
RANDOM TEST_4597: [OK].
RANDOM TEST_4598: [OK].
RANDOM TEST_4599: [OK].
RANDOM TEST_4600: [OK].
RANDOM TEST_4601: [OK].
RANDOM TEST_4602: [OK].
RANDOM TEST_4603: [OK].
RANDOM TEST_4604: [OK].
RANDOM TEST_4605: [OK].
RANDOM TEST_4606: [OK].
RANDOM TEST_4607: [OK].
RANDOM TEST_4608: [OK].
RANDOM TEST_4609: [OK].
RANDOM TEST_4610: [OK].
RANDOM TEST_4611: [OK].
RANDOM TEST_4612: [OK].
RANDOM TEST_4613: [OK].
RANDOM TEST_4614: [OK].
RANDOM TEST_4615: [OK].
RANDOM TEST_4616: [OK].
RANDOM TEST_4617: [OK].
RANDOM TEST_4618: [OK].
RANDOM TEST_4619: [OK].
RANDOM TEST_4620: [OK].
RANDOM TEST_4621: [OK].
RANDOM TEST_4622: [OK].
RANDOM TEST_4623: [OK].
RANDOM TEST_4624: [OK].
RANDOM TEST_4625: [OK].
RANDOM TEST_4626: [OK].
RANDOM TEST_4627: [OK].
RANDOM TEST_4628: [OK].
RANDOM TEST_4629: [OK].
RANDOM TEST_4630: [OK].
RANDOM TEST_4631: [OK].
RANDOM TEST_4632: [OK].
RANDOM TEST_4633: [OK].
RANDOM TEST_4634: [OK].
RANDOM TEST_4635: [OK].
RANDOM TEST_4636: [OK].
RANDOM TEST_4637: [OK].
RANDOM TEST_4638: [OK].
RANDOM TEST_4639: [OK].
RANDOM TEST_4640: [OK].
RANDOM TEST_4641: [OK].
RANDOM TEST_4642: [OK].
RANDOM TEST_4643: [OK].
RANDOM TEST_4644: [OK].
RANDOM TEST_4645: [OK].
RANDOM TEST_4646: [OK].
RANDOM TEST_4647: [OK].
RANDOM TEST_4648: [OK].
RANDOM TEST_4649: [OK].
RANDOM TEST_4650: [OK].
RANDOM TEST_4651: [OK].
RANDOM TEST_4652: [OK].
RANDOM TEST_4653: [OK].
RANDOM TEST_4654: [OK].
RANDOM TEST_4655: [OK].
RANDOM TEST_4656: [OK].
RANDOM TEST_4657: [OK].
RANDOM TEST_4658: [OK].
RANDOM TEST_4659: [OK].
RANDOM TEST_4660: [OK].
RANDOM TEST_4661: [OK].
RANDOM TEST_4662: [OK].
RANDOM TEST_4663: [OK].
RANDOM TEST_4664: [OK].
RANDOM TEST_4665: [OK].
RANDOM TEST_4666: [OK].
RANDOM TEST_4667: [OK].
RANDOM TEST_4668: [OK].
RANDOM TEST_4669: [OK].
RANDOM TEST_4670: [OK].
RANDOM TEST_4671: [OK].
RANDOM TEST_4672: [OK].
RANDOM TEST_4673: [OK].
RANDOM TEST_4674: [OK].
RANDOM TEST_4675: [OK].
RANDOM TEST_4676: [OK].
RANDOM TEST_4677: [OK].
RANDOM TEST_4678: [OK].
RANDOM TEST_4679: [OK].
RANDOM TEST_4680: [OK].
RANDOM TEST_4681: [OK].
RANDOM TEST_4682: [OK].
RANDOM TEST_4683: [OK].
RANDOM TEST_4684: [OK].
RANDOM TEST_4685: [OK].
RANDOM TEST_4686: [OK].
RANDOM TEST_4687: [OK].
RANDOM TEST_4688: [OK].
RANDOM TEST_4689: [OK].
RANDOM TEST_4690: [OK].
RANDOM TEST_4691: [OK].
RANDOM TEST_4692: [OK].
RANDOM TEST_4693: [OK].
RANDOM TEST_4694: [OK].
RANDOM TEST_4695: [OK].
RANDOM TEST_4696: [OK].
RANDOM TEST_4697: [OK].
RANDOM TEST_4698: [OK].
RANDOM TEST_4699: [OK].
RANDOM TEST_4700: [OK].
RANDOM TEST_4701: [OK].
RANDOM TEST_4702: [OK].
RANDOM TEST_4703: [OK].
RANDOM TEST_4704: [OK].
RANDOM TEST_4705: [OK].
RANDOM TEST_4706: [OK].
RANDOM TEST_4707: [OK].
RANDOM TEST_4708: [OK].
RANDOM TEST_4709: [OK].
RANDOM TEST_4710: [OK].
RANDOM TEST_4711: [OK].
RANDOM TEST_4712: [OK].
RANDOM TEST_4713: [OK].
RANDOM TEST_4714: [OK].
RANDOM TEST_4715: [OK].
RANDOM TEST_4716: [OK].
RANDOM TEST_4717: [OK].
RANDOM TEST_4718: [OK].
RANDOM TEST_4719: [OK].
RANDOM TEST_4720: [OK].
RANDOM TEST_4721: [OK].
RANDOM TEST_4722: [OK].
RANDOM TEST_4723: [OK].
RANDOM TEST_4724: [OK].
RANDOM TEST_4725: [OK].
RANDOM TEST_4726: [OK].
RANDOM TEST_4727: [OK].
RANDOM TEST_4728: [OK].
RANDOM TEST_4729: [OK].
RANDOM TEST_4730: [OK].
RANDOM TEST_4731: [OK].
RANDOM TEST_4732: [OK].
RANDOM TEST_4733: [OK].
RANDOM TEST_4734: [OK].
RANDOM TEST_4735: [OK].
RANDOM TEST_4736: [OK].
RANDOM TEST_4737: [OK].
RANDOM TEST_4738: [OK].
RANDOM TEST_4739: [OK].
RANDOM TEST_4740: [OK].
RANDOM TEST_4741: [OK].
RANDOM TEST_4742: [OK].
RANDOM TEST_4743: [OK].
RANDOM TEST_4744: [OK].
RANDOM TEST_4745: [OK].
RANDOM TEST_4746: [OK].
RANDOM TEST_4747: [OK].
RANDOM TEST_4748: [OK].
RANDOM TEST_4749: [OK].
RANDOM TEST_4750: [OK].
RANDOM TEST_4751: [OK].
RANDOM TEST_4752: [OK].
RANDOM TEST_4753: [OK].
RANDOM TEST_4754: [OK].
RANDOM TEST_4755: [OK].
RANDOM TEST_4756: [OK].
RANDOM TEST_4757: [OK].
RANDOM TEST_4758: [OK].
RANDOM TEST_4759: [OK].
RANDOM TEST_4760: [OK].
RANDOM TEST_4761: [OK].
RANDOM TEST_4762: [OK].
RANDOM TEST_4763: [OK].
RANDOM TEST_4764: [OK].
RANDOM TEST_4765: [OK].
RANDOM TEST_4766: [OK].
RANDOM TEST_4767: [OK].
RANDOM TEST_4768: [OK].
RANDOM TEST_4769: [OK].
RANDOM TEST_4770: [OK].
RANDOM TEST_4771: [OK].
RANDOM TEST_4772: [OK].
RANDOM TEST_4773: [OK].
RANDOM TEST_4774: [OK].
RANDOM TEST_4775: [OK].
RANDOM TEST_4776: [OK].
RANDOM TEST_4777: [OK].
RANDOM TEST_4778: [OK].
RANDOM TEST_4779: [OK].
RANDOM TEST_4780: [OK].
RANDOM TEST_4781: [OK].
RANDOM TEST_4782: [OK].
RANDOM TEST_4783: [OK].
RANDOM TEST_4784: [OK].
RANDOM TEST_4785: [OK].
RANDOM TEST_4786: [OK].
RANDOM TEST_4787: [OK].
RANDOM TEST_4788: [OK].
RANDOM TEST_4789: [OK].
RANDOM TEST_4790: [OK].
RANDOM TEST_4791: [OK].
RANDOM TEST_4792: [OK].
RANDOM TEST_4793: [OK].
RANDOM TEST_4794: [OK].
RANDOM TEST_4795: [OK].
RANDOM TEST_4796: [OK].
RANDOM TEST_4797: [OK].
RANDOM TEST_4798: [OK].
RANDOM TEST_4799: [OK].
RANDOM TEST_4800: [OK].
RANDOM TEST_4801: [OK].
RANDOM TEST_4802: [OK].
RANDOM TEST_4803: [OK].
RANDOM TEST_4804: [OK].
RANDOM TEST_4805: [OK].
RANDOM TEST_4806: [OK].
RANDOM TEST_4807: [OK].
RANDOM TEST_4808: [OK].
RANDOM TEST_4809: [OK].
RANDOM TEST_4810: [OK].
RANDOM TEST_4811: [OK].
RANDOM TEST_4812: [OK].
RANDOM TEST_4813: [OK].
RANDOM TEST_4814: [OK].
RANDOM TEST_4815: [OK].
RANDOM TEST_4816: [OK].
RANDOM TEST_4817: [OK].
RANDOM TEST_4818: [OK].
RANDOM TEST_4819: [OK].
RANDOM TEST_4820: [OK].
RANDOM TEST_4821: [OK].
RANDOM TEST_4822: [OK].
RANDOM TEST_4823: [OK].
RANDOM TEST_4824: [OK].
RANDOM TEST_4825: [OK].
RANDOM TEST_4826: [OK].
RANDOM TEST_4827: [OK].
RANDOM TEST_4828: [OK].
RANDOM TEST_4829: [OK].
RANDOM TEST_4830: [OK].
RANDOM TEST_4831: [OK].
RANDOM TEST_4832: [OK].
RANDOM TEST_4833: [OK].
RANDOM TEST_4834: [OK].
RANDOM TEST_4835: [OK].
RANDOM TEST_4836: [OK].
RANDOM TEST_4837: [OK].
RANDOM TEST_4838: [OK].
RANDOM TEST_4839: [OK].
RANDOM TEST_4840: [OK].
RANDOM TEST_4841: [OK].
RANDOM TEST_4842: [OK].
RANDOM TEST_4843: [OK].
RANDOM TEST_4844: [OK].
RANDOM TEST_4845: [OK].
RANDOM TEST_4846: [OK].
RANDOM TEST_4847: [OK].
RANDOM TEST_4848: [OK].
RANDOM TEST_4849: [OK].
RANDOM TEST_4850: [OK].
RANDOM TEST_4851: [OK].
RANDOM TEST_4852: [OK].
RANDOM TEST_4853: [OK].
RANDOM TEST_4854: [OK].
RANDOM TEST_4855: [OK].
RANDOM TEST_4856: [OK].
RANDOM TEST_4857: [OK].
RANDOM TEST_4858: [OK].
RANDOM TEST_4859: [OK].
RANDOM TEST_4860: [OK].
RANDOM TEST_4861: [OK].
RANDOM TEST_4862: [OK].
RANDOM TEST_4863: [OK].
RANDOM TEST_4864: [OK].
RANDOM TEST_4865: [OK].
RANDOM TEST_4866: [OK].
RANDOM TEST_4867: [OK].
RANDOM TEST_4868: [OK].
RANDOM TEST_4869: [OK].
RANDOM TEST_4870: [OK].
RANDOM TEST_4871: [OK].
RANDOM TEST_4872: [OK].
RANDOM TEST_4873: [OK].
RANDOM TEST_4874: [OK].
RANDOM TEST_4875: [OK].
RANDOM TEST_4876: [OK].
RANDOM TEST_4877: [OK].
RANDOM TEST_4878: [OK].
RANDOM TEST_4879: [OK].
RANDOM TEST_4880: [OK].
RANDOM TEST_4881: [OK].
RANDOM TEST_4882: [OK].
RANDOM TEST_4883: [OK].
RANDOM TEST_4884: [OK].
RANDOM TEST_4885: [OK].
RANDOM TEST_4886: [OK].
RANDOM TEST_4887: [OK].
RANDOM TEST_4888: [OK].
RANDOM TEST_4889: [OK].
RANDOM TEST_4890: [OK].
RANDOM TEST_4891: [OK].
RANDOM TEST_4892: [OK].
RANDOM TEST_4893: [OK].
RANDOM TEST_4894: [OK].
RANDOM TEST_4895: [OK].
RANDOM TEST_4896: [OK].
RANDOM TEST_4897: [OK].
RANDOM TEST_4898: [OK].
RANDOM TEST_4899: [OK].
RANDOM TEST_4900: [OK].
RANDOM TEST_4901: [OK].
RANDOM TEST_4902: [OK].
RANDOM TEST_4903: [OK].
RANDOM TEST_4904: [OK].
RANDOM TEST_4905: [OK].
RANDOM TEST_4906: [OK].
RANDOM TEST_4907: [OK].
RANDOM TEST_4908: [OK].
RANDOM TEST_4909: [OK].
RANDOM TEST_4910: [OK].
RANDOM TEST_4911: [OK].
RANDOM TEST_4912: [OK].
RANDOM TEST_4913: [OK].
RANDOM TEST_4914: [OK].
RANDOM TEST_4915: [OK].
RANDOM TEST_4916: [OK].
RANDOM TEST_4917: [OK].
RANDOM TEST_4918: [OK].
RANDOM TEST_4919: [OK].
RANDOM TEST_4920: [OK].
RANDOM TEST_4921: [OK].
RANDOM TEST_4922: [OK].
RANDOM TEST_4923: [OK].
RANDOM TEST_4924: [OK].
RANDOM TEST_4925: [OK].
RANDOM TEST_4926: [OK].
RANDOM TEST_4927: [OK].
RANDOM TEST_4928: [OK].
RANDOM TEST_4929: [OK].
RANDOM TEST_4930: [OK].
RANDOM TEST_4931: [OK].
RANDOM TEST_4932: [OK].
RANDOM TEST_4933: [OK].
RANDOM TEST_4934: [OK].
RANDOM TEST_4935: [OK].
RANDOM TEST_4936: [OK].
RANDOM TEST_4937: [OK].
RANDOM TEST_4938: [OK].
RANDOM TEST_4939: [OK].
RANDOM TEST_4940: [OK].
RANDOM TEST_4941: [OK].
RANDOM TEST_4942: [OK].
RANDOM TEST_4943: [OK].
RANDOM TEST_4944: [OK].
RANDOM TEST_4945: [OK].
RANDOM TEST_4946: [OK].
RANDOM TEST_4947: [OK].
RANDOM TEST_4948: [OK].
RANDOM TEST_4949: [OK].
RANDOM TEST_4950: [OK].
RANDOM TEST_4951: [OK].
RANDOM TEST_4952: [OK].
RANDOM TEST_4953: [OK].
RANDOM TEST_4954: [OK].
RANDOM TEST_4955: [OK].
RANDOM TEST_4956: [OK].
RANDOM TEST_4957: [OK].
RANDOM TEST_4958: [OK].
RANDOM TEST_4959: [OK].
RANDOM TEST_4960: [OK].
RANDOM TEST_4961: [OK].
RANDOM TEST_4962: [OK].
RANDOM TEST_4963: [OK].
RANDOM TEST_4964: [OK].
RANDOM TEST_4965: [OK].
RANDOM TEST_4966: [OK].
RANDOM TEST_4967: [OK].
RANDOM TEST_4968: [OK].
RANDOM TEST_4969: [OK].
RANDOM TEST_4970: [OK].
RANDOM TEST_4971: [OK].
RANDOM TEST_4972: [OK].
RANDOM TEST_4973: [OK].
RANDOM TEST_4974: [OK].
RANDOM TEST_4975: [OK].
RANDOM TEST_4976: [OK].
RANDOM TEST_4977: [OK].
RANDOM TEST_4978: [OK].
RANDOM TEST_4979: [OK].
RANDOM TEST_4980: [OK].
RANDOM TEST_4981: [OK].
RANDOM TEST_4982: [OK].
RANDOM TEST_4983: [OK].
RANDOM TEST_4984: [OK].
RANDOM TEST_4985: [OK].
RANDOM TEST_4986: [OK].
RANDOM TEST_4987: [OK].
RANDOM TEST_4988: [OK].
RANDOM TEST_4989: [OK].
RANDOM TEST_4990: [OK].
RANDOM TEST_4991: [OK].
RANDOM TEST_4992: [OK].
RANDOM TEST_4993: [OK].
RANDOM TEST_4994: [OK].
RANDOM TEST_4995: [OK].
RANDOM TEST_4996: [OK].
RANDOM TEST_4997: [OK].
RANDOM TEST_4998: [OK].
RANDOM TEST_4999: [OK].
RANDOM TEST_5000: [OK].
<end of output>
Test time =   0.01 sec
----------------------------------------------------------
Test Passed.
"Test16" end time: Apr 04 15:16 MSK
"Test16" time elapsed: 00:00:00
----------------------------------------------------------

End testing: Apr 04 15:16 MSK
